#
# A fatal error has been detected by the Java Runtime Environment:
#
#  Internal Error (ciMethodData.cpp:209), pid=1394, tid=18179
#  Error: ShouldNotReachHere()
#
# JRE version: Java(TM) SE Runtime Environment (8.0_60-b27) (build 1.8.0_60-b27)
# Java VM: Java HotSpot(TM) 64-Bit Server VM (25.60-b23 mixed mode bsd-amd64 compressed oops)
# Failed to write core dump. Core dumps have been disabled. To enable core dumping, try "ulimit -c unlimited" before starting Java again
#
# If you would like to submit a bug report, please visit:
#   http://bugreport.java.com/bugreport/crash.jsp
#

---------------  T H R E A D  ---------------

Current thread (0x00007fab0907c800):  JavaThread "C1 CompilerThread2" daemon [_thread_in_vm, id=18179, stack(0x0000700000d41000,0x0000700000e41000)]

Stack: [0x0000700000d41000,0x0000700000e41000],  sp=0x0000700000e400f0,  free space=1020k
Native frames: (J=compiled Java code, j=interpreted, Vv=VM code, C=native code)
V  [libjvm.dylib+0x5a6522]  VMError::report_and_die()+0x3f8
V  [libjvm.dylib+0x1e6843]  report_vm_error(char const*, int, char const*, char const*)+0x54
V  [libjvm.dylib+0x16f163]  ciMethodData::data_at(int)+0x27f
V  [libjvm.dylib+0x1700a1]  ciMethodData::load_data()+0x10f
V  [libjvm.dylib+0x16c56d]  ciMethod::ensure_method_data(methodHandle)+0x137
V  [libjvm.dylib+0x16c6c1]  ciMethod::ensure_method_data()+0x12f
V  [libjvm.dylib+0xe860d]  Compilation::compile_java_method()+0x37
V  [libjvm.dylib+0xe8857]  Compilation::compile_method()+0x6d
V  [libjvm.dylib+0xe8a6c]  Compilation::Compilation(AbstractCompiler*, ciEnv*, ciMethod*, int, BufferBlob*)+0x1a2
V  [libjvm.dylib+0xe91ee]  Compiler::compile_method(ciEnv*, ciMethod*, int)+0x90
V  [libjvm.dylib+0x1b55e6]  CompileBroker::invoke_compiler_on_method(CompileTask*)+0x5b2
V  [libjvm.dylib+0x1b7b2d]  CompileBroker::compiler_thread_loop()+0x291
V  [libjvm.dylib+0x5612d3]  JavaThread::thread_main_inner()+0x9b
V  [libjvm.dylib+0x5629ce]  JavaThread::run()+0x1c2
V  [libjvm.dylib+0x48343a]  java_start(Thread*)+0xf6
C  [libsystem_pthread.dylib+0x3c13]  _pthread_body+0x83
C  [libsystem_pthread.dylib+0x3b90]  _pthread_body+0x0
C  [libsystem_pthread.dylib+0x1375]  thread_start+0xd
C  0x0000000000000000


Current CompileTask:
C1:6297021 17704       3       org.codehaus.groovy.runtime.metaclass.MetaMethodIndex::addMethodToList (290 bytes)


---------------  P R O C E S S  ---------------

Java Threads: ( => current thread )
  0x00007fab0d15a000 JavaThread "Stdin handler" [_thread_blocked, id=22323, stack(0x0000700001456000,0x0000700001556000)]
  0x00007fab0d329000 JavaThread "Daemon worker Thread 12" [_thread_blocked, id=20787, stack(0x0000700001353000,0x0000700001453000)]
  0x00007fab0c262800 JavaThread "Cancel handler" [_thread_blocked, id=21331, stack(0x0000700001250000,0x0000700001350000)]
  0x00007fab0e015000 JavaThread "Handler for socket connection from /127.0.0.1:53127 to /127.0.0.1:64561" [_thread_in_native, id=12863, stack(0x000070000114d000,0x000070000124d000)]
  0x00007fab0e383000 JavaThread "Daemon Thread 12" [_thread_blocked, id=20279, stack(0x0000700000932000,0x0000700000a32000)]
  0x00007fab0d061000 JavaThread "File lock request listener" [_thread_in_native, id=23299, stack(0x0000700001687000,0x0000700001787000)]
  0x00007fab09a81800 JavaThread "Incoming local TCP Connector on port 53127" [_thread_in_native, id=19715, stack(0x000070000104a000,0x000070000114a000)]
  0x00007fab0908f800 JavaThread "Service Thread" daemon [_thread_blocked, id=18691, stack(0x0000700000e44000,0x0000700000f44000)]
=>0x00007fab0907c800 JavaThread "C1 CompilerThread2" daemon [_thread_in_vm, id=18179, stack(0x0000700000d41000,0x0000700000e41000)]
  0x00007fab0907b800 JavaThread "C2 CompilerThread1" daemon [_thread_blocked, id=17667, stack(0x0000700000c3e000,0x0000700000d3e000)]
  0x00007fab09064000 JavaThread "C2 CompilerThread0" daemon [_thread_blocked, id=17155, stack(0x0000700000b3b000,0x0000700000c3b000)]
  0x00007fab09063000 JavaThread "Signal Dispatcher" daemon [_thread_blocked, id=13839, stack(0x0000700000a38000,0x0000700000b38000)]
  0x00007fab09045800 JavaThread "Finalizer" daemon [_thread_blocked, id=12291, stack(0x000070000082f000,0x000070000092f000)]
  0x00007fab09044800 JavaThread "Reference Handler" daemon [_thread_blocked, id=11779, stack(0x000070000072c000,0x000070000082c000)]
  0x00007fab09003800 JavaThread "main" [_thread_blocked, id=5891, stack(0x000070000011a000,0x000070000021a000)]

Other Threads:
  0x00007fab09042000 VMThread [stack: 0x0000700000629000,0x0000700000729000] [id=11267]
  0x00007fab09057800 WatcherThread [stack: 0x0000700000f47000,0x0000700001047000] [id=19203]

VM state:synchronizing (normal execution)

VM Mutex/Monitor currently owned by a thread:  ([mutex/lock_event])
[0x00007fab08415dd0] Threads_lock - owner thread: 0x00007fab09042000

Heap:
 PSYoungGen      total 270848K, used 14849K [0x00000007aab00000, 0x00000007bcb80000, 0x00000007c0000000)
  eden space 247296K, 6% used [0x00000007aab00000,0x00000007ab980600,0x00000007b9c80000)
  from space 23552K, 0% used [0x00000007bb480000,0x00000007bb480000,0x00000007bcb80000)
  to   space 24064K, 0% used [0x00000007b9c80000,0x00000007b9c80000,0x00000007bb400000)
 ParOldGen       total 110592K, used 37513K [0x0000000780000000, 0x0000000786c00000, 0x00000007aab00000)
  object space 110592K, 33% used [0x0000000780000000,0x00000007824a24c8,0x0000000786c00000)
 Metaspace       used 57868K, capacity 62148K, committed 63448K, reserved 1103872K
  class space    used 7389K, capacity 8446K, committed 8704K, reserved 1048576K

Card table byte_map: [0x000000011b349000,0x000000011b54a000] byte_map_base: 0x0000000117749000

Marking Bits: (ParMarkBitMap*) 0x000000010b8dee20
 Begin Bits: [0x000000011b6a0000, 0x000000011c6a0000)
 End Bits:   [0x000000011c6a0000, 0x000000011d6a0000)

Polling page: 0x000000010a7d0000

CodeCache: size=245760Kb used=50093Kb max_used=50453Kb free=195666Kb
 bounds [0x000000010bf89000, 0x000000010f129000, 0x000000011af89000]
 total_blobs=13706 nmethods=12992 adapters=625
 compilation: enabled

Compilation events (10 events):
Event: 6296.983 Thread 0x00007fab0907c800 17700       3       java.util.jar.JarFile::getManEntry (83 bytes)
Event: 6296.984 Thread 0x00007fab0907c800 nmethod 17700 0x000000010d4e43d0 code [0x000000010d4e45c0, 0x000000010d4e5008]
Event: 6296.991 Thread 0x00007fab0907c800 17701       3       org.gradle.initialization.DefaultSettings_Decorated::getConventionMapping (30 bytes)
Event: 6296.993 Thread 0x00007fab0907c800 nmethod 17701 0x000000010d591f50 code [0x000000010d592180, 0x000000010d592cf8]
Event: 6296.993 Thread 0x00007fab0907c800 17698       1       org.gradle.internal.service.DefaultServiceRegistry::access$1300 (5 bytes)
Event: 6296.993 Thread 0x00007fab0907c800 nmethod 17698 0x000000010d831010 code [0x000000010d831160, 0x000000010d831250]
Event: 6296.994 Thread 0x00007fab0907c800 17702       1       org.gradle.api.internal.artifacts.ivyservice.ShortcircuitEmptyConfigsArtifactDependencyResolver$EmptyResolvedConfiguration::hasError (2 bytes)
Event: 6296.995 Thread 0x00007fab0907c800 nmethod 17702 0x000000010e1ced90 code [0x000000010e1ceee0, 0x000000010e1ceff0]
Event: 6296.997 Thread 0x00007fab09064000 17703   !   4       org.codehaus.groovy.reflection.ClassInfo::getMetaClass (33 bytes)
Event: 6297.003 Thread 0x00007fab0907c800 17704       3       org.codehaus.groovy.runtime.metaclass.MetaMethodIndex::addMethodToList (290 bytes)

GC Heap History (10 events):
Event: 2636.959 GC heap before
{Heap before GC invocations=45 (full 11):
 PSYoungGen      total 271872K, used 71949K [0x00000007aab00000, 0x00000007bdb00000, 0x00000007c0000000)
  eden space 258048K, 22% used [0x00000007aab00000,0x00000007ae406430,0x00000007ba700000)
  from space 13824K, 98% used [0x00000007bb200000,0x00000007bbf3d2e8,0x00000007bbf80000)
  to   space 26624K, 0% used [0x00000007bc100000,0x00000007bc100000,0x00000007bdb00000)
 ParOldGen       total 110592K, used 42831K [0x0000000780000000, 0x0000000786c00000, 0x00000007aab00000)
  object space 110592K, 38% used [0x0000000780000000,0x00000007829d3d78,0x0000000786c00000)
 Metaspace       used 58446K, capacity 63164K, committed 63448K, reserved 1103872K
  class space    used 7524K, capacity 8627K, committed 8704K, reserved 1048576K
Event: 2636.965 GC heap after
Heap after GC invocations=45 (full 11):
 PSYoungGen      total 283648K, used 960K [0x00000007aab00000, 0x00000007bda00000, 0x00000007c0000000)
  eden space 258048K, 0% used [0x00000007aab00000,0x00000007aab00000,0x00000007ba700000)
  from space 25600K, 3% used [0x00000007bc100000,0x00000007bc1f0020,0x00000007bda00000)
  to   space 26112K, 0% used [0x00000007ba700000,0x00000007ba700000,0x00000007bc080000)
 ParOldGen       total 110592K, used 42831K [0x0000000780000000, 0x0000000786c00000, 0x00000007aab00000)
  object space 110592K, 38% used [0x0000000780000000,0x00000007829d3d78,0x0000000786c00000)
 Metaspace       used 58446K, capacity 63164K, committed 63448K, reserved 1103872K
  class space    used 7524K, capacity 8627K, committed 8704K, reserved 1048576K
}
Event: 2636.965 GC heap before
{Heap before GC invocations=46 (full 12):
 PSYoungGen      total 283648K, used 960K [0x00000007aab00000, 0x00000007bda00000, 0x00000007c0000000)
  eden space 258048K, 0% used [0x00000007aab00000,0x00000007aab00000,0x00000007ba700000)
  from space 25600K, 3% used [0x00000007bc100000,0x00000007bc1f0020,0x00000007bda00000)
  to   space 26112K, 0% used [0x00000007ba700000,0x00000007ba700000,0x00000007bc080000)
 ParOldGen       total 110592K, used 42831K [0x0000000780000000, 0x0000000786c00000, 0x00000007aab00000)
  object space 110592K, 38% used [0x0000000780000000,0x00000007829d3d78,0x0000000786c00000)
 Metaspace       used 58446K, capacity 63164K, committed 63448K, reserved 1103872K
  class space    used 7524K, capacity 8627K, committed 8704K, reserved 1048576K
Event: 2637.331 GC heap after
Heap after GC invocations=46 (full 12):
 PSYoungGen      total 283648K, used 0K [0x00000007aab00000, 0x00000007bda00000, 0x00000007c0000000)
  eden space 258048K, 0% used [0x00000007aab00000,0x00000007aab00000,0x00000007ba700000)
  from space 25600K, 0% used [0x00000007bc100000,0x00000007bc100000,0x00000007bda00000)
  to   space 26112K, 0% used [0x00000007ba700000,0x00000007ba700000,0x00000007bc080000)
 ParOldGen       total 110592K, used 41802K [0x0000000780000000, 0x0000000786c00000, 0x00000007aab00000)
  object space 110592K, 37% used [0x0000000780000000,0x00000007828d2b20,0x0000000786c00000)
 Metaspace       used 58372K, capacity 63044K, committed 63448K, reserved 1103872K
  class space    used 7513K, capacity 8607K, committed 8704K, reserved 1048576K
}
Event: 4584.926 GC heap before
{Heap before GC invocations=47 (full 12):
 PSYoungGen      total 283648K, used 258048K [0x00000007aab00000, 0x00000007bda00000, 0x00000007c0000000)
  eden space 258048K, 100% used [0x00000007aab00000,0x00000007ba700000,0x00000007ba700000)
  from space 25600K, 0% used [0x00000007bc100000,0x00000007bc100000,0x00000007bda00000)
  to   space 26112K, 0% used [0x00000007ba700000,0x00000007ba700000,0x00000007bc080000)
 ParOldGen       total 110592K, used 41802K [0x0000000780000000, 0x0000000786c00000, 0x00000007aab00000)
  object space 110592K, 37% used [0x0000000780000000,0x00000007828d2b20,0x0000000786c00000)
 Metaspace       used 58478K, capacity 63158K, committed 63448K, reserved 1103872K
  class space    used 7522K, capacity 8641K, committed 8704K, reserved 1048576K
Event: 4584.954 GC heap after
Heap after GC invocations=47 (full 12):
 PSYoungGen      total 254464K, used 7023K [0x00000007aab00000, 0x00000007bcc80000, 0x00000007c0000000)
  eden space 247296K, 0% used [0x00000007aab00000,0x00000007aab00000,0x00000007b9c80000)
  from space 7168K, 97% used [0x00000007ba700000,0x00000007baddbc60,0x00000007bae00000)
  to   space 24576K, 0% used [0x00000007bb480000,0x00000007bb480000,0x00000007bcc80000)
 ParOldGen       total 110592K, used 41810K [0x0000000780000000, 0x0000000786c00000, 0x00000007aab00000)
  object space 110592K, 37% used [0x0000000780000000,0x00000007828d4b20,0x0000000786c00000)
 Metaspace       used 58478K, capacity 63158K, committed 63448K, reserved 1103872K
  class space    used 7522K, capacity 8641K, committed 8704K, reserved 1048576K
}
Event: 4595.216 GC heap before
{Heap before GC invocations=48 (full 12):
 PSYoungGen      total 254464K, used 76453K [0x00000007aab00000, 0x00000007bcc80000, 0x00000007c0000000)
  eden space 247296K, 28% used [0x00000007aab00000,0x00000007aeecd8b0,0x00000007b9c80000)
  from space 7168K, 97% used [0x00000007ba700000,0x00000007baddbc60,0x00000007bae00000)
  to   space 24576K, 0% used [0x00000007bb480000,0x00000007bb480000,0x00000007bcc80000)
 ParOldGen       total 110592K, used 41810K [0x0000000780000000, 0x0000000786c00000, 0x00000007aab00000)
  object space 110592K, 37% used [0x0000000780000000,0x00000007828d4b20,0x0000000786c00000)
 Metaspace       used 58486K, capacity 63158K, committed 63448K, reserved 1103872K
  class space    used 7522K, capacity 8641K, committed 8704K, reserved 1048576K
Event: 4595.225 GC heap after
Heap after GC invocations=48 (full 12):
 PSYoungGen      total 270848K, used 752K [0x00000007aab00000, 0x00000007bcb80000, 0x00000007c0000000)
  eden space 247296K, 0% used [0x00000007aab00000,0x00000007aab00000,0x00000007b9c80000)
  from space 23552K, 3% used [0x00000007bb480000,0x00000007bb53c010,0x00000007bcb80000)
  to   space 24064K, 0% used [0x00000007b9c80000,0x00000007b9c80000,0x00000007bb400000)
 ParOldGen       total 110592K, used 41810K [0x0000000780000000, 0x0000000786c00000, 0x00000007aab00000)
  object space 110592K, 37% used [0x0000000780000000,0x00000007828d4b20,0x0000000786c00000)
 Metaspace       used 58486K, capacity 63158K, committed 63448K, reserved 1103872K
  class space    used 7522K, capacity 8641K, committed 8704K, reserved 1048576K
}
Event: 4595.225 GC heap before
{Heap before GC invocations=49 (full 13):
 PSYoungGen      total 270848K, used 752K [0x00000007aab00000, 0x00000007bcb80000, 0x00000007c0000000)
  eden space 247296K, 0% used [0x00000007aab00000,0x00000007aab00000,0x00000007b9c80000)
  from space 23552K, 3% used [0x00000007bb480000,0x00000007bb53c010,0x00000007bcb80000)
  to   space 24064K, 0% used [0x00000007b9c80000,0x00000007b9c80000,0x00000007bb400000)
 ParOldGen       total 110592K, used 41810K [0x0000000780000000, 0x0000000786c00000, 0x00000007aab00000)
  object space 110592K, 37% used [0x0000000780000000,0x00000007828d4b20,0x0000000786c00000)
 Metaspace       used 58486K, capacity 63158K, committed 63448K, reserved 1103872K
  class space    used 7522K, capacity 8641K, committed 8704K, reserved 1048576K
Event: 4595.656 GC heap after
Heap after GC invocations=49 (full 13):
 PSYoungGen      total 270848K, used 0K [0x00000007aab00000, 0x00000007bcb80000, 0x00000007c0000000)
  eden space 247296K, 0% used [0x00000007aab00000,0x00000007aab00000,0x00000007b9c80000)
  from space 23552K, 0% used [0x00000007bb480000,0x00000007bb480000,0x00000007bcb80000)
  to   space 24064K, 0% used [0x00000007b9c80000,0x00000007b9c80000,0x00000007bb400000)
 ParOldGen       total 110592K, used 37513K [0x0000000780000000, 0x0000000786c00000, 0x00000007aab00000)
  object space 110592K, 33% used [0x0000000780000000,0x00000007824a24c8,0x0000000786c00000)
 Metaspace       used 57724K, capacity 61854K, committed 63448K, reserved 1103872K
  class space    used 7368K, capacity 8382K, committed 8704K, reserved 1048576K
}

Deoptimization events (10 events):
Event: 6296.845 Thread 0x00007fab0e015000 Uncommon trap: reason=null_check action=make_not_entrant pc=0x000000010c6658a0 method=java.lang.Class.reflectionData()Ljava/lang/Class$ReflectionData; @ 24
Event: 6296.913 Thread 0x00007fab0d329000 Uncommon trap: reason=null_check action=make_not_entrant pc=0x000000010cb94a38 method=java.lang.Class.reflectionData()Ljava/lang/Class$ReflectionData; @ 24
Event: 6296.920 Thread 0x00007fab0d329000 Uncommon trap: reason=null_check action=make_not_entrant pc=0x000000010d6cb93c method=org.codehaus.groovy.reflection.ClassInfo.getWeakMetaClass()Lgroovy/lang/MetaClass; @ 17
Event: 6296.921 Thread 0x00007fab0d329000 Uncommon trap: reason=unstable_if action=reinterpret pc=0x000000010c8c4028 method=org.codehaus.groovy.util.LazyReference.get()Ljava/lang/Object; @ 33
Event: 6296.927 Thread 0x00007fab0d329000 Uncommon trap: reason=array_check action=maybe_recompile pc=0x000000010ef31a5c method=java.util.ComparableTimSort.mergeLo(IIII)V @ 81
Event: 6296.930 Thread 0x00007fab0d329000 Uncommon trap: reason=null_check action=make_not_entrant pc=0x000000010d1f1c24 method=java.beans.MethodRef.get()Ljava/lang/reflect/Method; @ 16
Event: 6296.960 Thread 0x00007fab0d329000 Uncommon trap: reason=null_check action=make_not_entrant pc=0x000000010e290cf0 method=java.beans.MethodRef.get()Ljava/lang/reflect/Method; @ 16
Event: 6297.000 Thread 0x00007fab0d329000 Uncommon trap: reason=null_check action=make_not_entrant pc=0x000000010df18d60 method=org.codehaus.groovy.reflection.ClassInfo.getWeakMetaClass()Lgroovy/lang/MetaClass; @ 17
Event: 6297.002 Thread 0x00007fab0d329000 Uncommon trap: reason=array_check action=maybe_recompile pc=0x000000010ef31a5c method=java.util.ComparableTimSort.mergeLo(IIII)V @ 81
Event: 6297.003 Thread 0x00007fab0d329000 Uncommon trap: reason=unstable_if action=reinterpret pc=0x000000010cabeb54 method=org.codehaus.groovy.util.LazyReference.get()Ljava/lang/Object; @ 33

Internal exceptions (10 events):
Event: 6296.859 Thread 0x00007fab0e015000 Exception <a 'java/lang/NoSuchMethodError': <clinit>> (0x00000007ab05c000) thrown at [/Users/java_re/workspace/8-2-build-macosx-x86_64/jdk8u60/4407/hotspot/src/share/vm/prims/jni.cpp, line 1591]
Event: 6296.876 Thread 0x00007fab0d329000 Exception <a 'java/lang/NoSuchMethodError': <clinit>> (0x00000007ab17ded8) thrown at [/Users/java_re/workspace/8-2-build-macosx-x86_64/jdk8u60/4407/hotspot/src/share/vm/prims/jni.cpp, line 1591]
Event: 6296.879 Thread 0x00007fab0d329000 Exception <a 'java/lang/NoSuchMethodError': <clinit>> (0x00000007ab186118) thrown at [/Users/java_re/workspace/8-2-build-macosx-x86_64/jdk8u60/4407/hotspot/src/share/vm/prims/jni.cpp, line 1591]
Event: 6296.885 Thread 0x00007fab0e015000 Exception <a 'java/lang/NoSuchMethodError': <clinit>> (0x00000007ab083910) thrown at [/Users/java_re/workspace/8-2-build-macosx-x86_64/jdk8u60/4407/hotspot/src/share/vm/prims/jni.cpp, line 1591]
Event: 6296.886 Thread 0x00007fab0e015000 Exception <a 'java/lang/NoSuchMethodError': <clinit>> (0x00000007ab08add8) thrown at [/Users/java_re/workspace/8-2-build-macosx-x86_64/jdk8u60/4407/hotspot/src/share/vm/prims/jni.cpp, line 1591]
Event: 6296.913 Thread 0x00007fab0d329000 Implicit null exception at 0x000000010cb94485 to 0x000000010cb94a21
Event: 6296.930 Thread 0x00007fab0d329000 Implicit null exception at 0x000000010d1f15e4 to 0x000000010d1f1c15
Event: 6296.959 Thread 0x00007fab0d329000 Exception <a 'java/lang/ClassNotFoundException': asLocalRepo18_6ghtv9e3cwr6lhmsqjbq92dkwBeanInfo> (0x00000007ab448618) thrown at [/Users/java_re/workspace/8-2-build-macosx-x86_64/jdk8u60/4407/hotspot/src/share/vm/classfile/systemDictionary.cpp, line 210]
Event: 6296.959 Thread 0x00007fab0d329000 Exception <a 'java/lang/ClassNotFoundException': asLocalRepo18_6ghtv9e3cwr6lhmsqjbq92dkwCustomizer> (0x00000007ab4521f8) thrown at [/Users/java_re/workspace/8-2-build-macosx-x86_64/jdk8u60/4407/hotspot/src/share/vm/classfile/systemDictionary.cpp, line 210
Event: 6296.960 Thread 0x00007fab0d329000 Implicit null exception at 0x000000010e28c1cd to 0x000000010e290cbd

Events (10 events):
Event: 6297.000 loading class groovy/runtime/metaclass/org/gradle/initialization/DefaultSettings_DecoratedMetaClass
Event: 6297.000 loading class groovy/runtime/metaclass/org/gradle/initialization/DefaultSettings_DecoratedMetaClass done
Event: 6297.002 Thread 0x00007fab0d329000 Uncommon trap: trap_request=0xffffffd6 fr.pc=0x000000010ef31a5c
Event: 6297.002 Thread 0x00007fab0d329000 DEOPT PACKING pc=0x000000010ef31a5c sp=0x000070000144fac0
Event: 6297.002 Thread 0x00007fab0d329000 DEOPT UNPACKING pc=0x000000010bf8e229 sp=0x000070000144fa90 mode 2
Event: 6297.002 Thread 0x00007fab0d329000 Uncommon trap: trap_request=0xffffff65 fr.pc=0x000000010cabeb54
Event: 6297.002 Executing VM operation: RevokeBias
Event: 6297.003 Executing VM operation: RevokeBias done
Event: 6297.003 Thread 0x00007fab0d329000 DEOPT PACKING pc=0x000000010cabeb54 sp=0x000070000144fde0
Event: 6297.003 Thread 0x00007fab0d329000 DEOPT UNPACKING pc=0x000000010bf8e229 sp=0x000070000144fbc0 mode 2


Dynamic libraries:
0x0000000002a5b000 	/System/Library/Frameworks/Cocoa.framework/Versions/A/Cocoa
0x0000000002a5b000 	/System/Library/Frameworks/Security.framework/Versions/A/Security
0x0000000002a5b000 	/System/Library/Frameworks/ApplicationServices.framework/Versions/A/ApplicationServices
0x0000000002a5b000 	/usr/lib/libz.1.dylib
0x0000000002a5b000 	/usr/lib/libSystem.B.dylib
0x0000000002a5b000 	/usr/lib/libobjc.A.dylib
0x0000000002a5b000 	/System/Library/Frameworks/CoreFoundation.framework/Versions/A/CoreFoundation
0x0000000002a5b000 	/System/Library/Frameworks/Foundation.framework/Versions/C/Foundation
0x0000000002a5b000 	/System/Library/Frameworks/AppKit.framework/Versions/C/AppKit
0x0000000002a5b000 	/System/Library/Frameworks/CoreData.framework/Versions/A/CoreData
0x0000000002a5b000 	/System/Library/PrivateFrameworks/RemoteViewServices.framework/Versions/A/RemoteViewServices
0x0000000002a5b000 	/System/Library/PrivateFrameworks/UIFoundation.framework/Versions/A/UIFoundation
0x0000000002a5b000 	/usr/lib/libScreenReader.dylib
0x0000000002a5b000 	/System/Library/Frameworks/Accelerate.framework/Versions/A/Accelerate
0x0000000002a5b000 	/System/Library/Frameworks/IOSurface.framework/Versions/A/IOSurface
0x0000000002a5b000 	/System/Library/Frameworks/AudioToolbox.framework/Versions/A/AudioToolbox
0x0000000002a5b000 	/System/Library/Frameworks/AudioUnit.framework/Versions/A/AudioUnit
0x0000000002a5b000 	/System/Library/PrivateFrameworks/DataDetectorsCore.framework/Versions/A/DataDetectorsCore
0x0000000002a5b000 	/System/Library/PrivateFrameworks/DesktopServicesPriv.framework/Versions/A/DesktopServicesPriv
0x0000000002a5b000 	/System/Library/Frameworks/Carbon.framework/Versions/A/Frameworks/HIToolbox.framework/Versions/A/HIToolbox
0x0000000002a5b000 	/System/Library/Frameworks/QuartzCore.framework/Versions/A/QuartzCore
0x0000000002a5b000 	/System/Library/Frameworks/Carbon.framework/Versions/A/Frameworks/SpeechRecognition.framework/Versions/A/SpeechRecognition
0x0000000002a5b000 	/usr/lib/libauto.dylib
0x0000000002a5b000 	/usr/lib/libicucore.A.dylib
0x0000000002a5b000 	/usr/lib/libxml2.2.dylib
0x0000000002a5b000 	/System/Library/PrivateFrameworks/CoreUI.framework/Versions/A/CoreUI
0x0000000002a5b000 	/System/Library/Frameworks/CoreAudio.framework/Versions/A/CoreAudio
0x0000000002a5b000 	/System/Library/Frameworks/DiskArbitration.framework/Versions/A/DiskArbitration
0x0000000002a5b000 	/usr/lib/liblangid.dylib
0x0000000002a5b000 	/System/Library/PrivateFrameworks/MultitouchSupport.framework/Versions/A/MultitouchSupport
0x0000000002a5b000 	/System/Library/Frameworks/IOKit.framework/Versions/A/IOKit
0x0000000002a5b000 	/usr/lib/libDiagnosticMessagesClient.dylib
0x0000000002a5b000 	/System/Library/Frameworks/CoreServices.framework/Versions/A/CoreServices
0x0000000002a5b000 	/System/Library/PrivateFrameworks/PerformanceAnalysis.framework/Versions/A/PerformanceAnalysis
0x0000000002a5b000 	/System/Library/PrivateFrameworks/GenerationalStorage.framework/Versions/A/GenerationalStorage
0x0000000002a5b000 	/System/Library/Frameworks/OpenGL.framework/Versions/A/OpenGL
0x0000000002a5b000 	/System/Library/PrivateFrameworks/Sharing.framework/Versions/A/Sharing
0x0000000002a5b000 	/System/Library/Frameworks/CoreGraphics.framework/Versions/A/CoreGraphics
0x0000000002a5b000 	/System/Library/Frameworks/CoreImage.framework/Versions/A/CoreImage
0x0000000002a5b000 	/System/Library/Frameworks/CoreText.framework/Versions/A/CoreText
0x0000000002a5b000 	/System/Library/Frameworks/ImageIO.framework/Versions/A/ImageIO
0x0000000002a5b000 	/System/Library/PrivateFrameworks/Backup.framework/Versions/A/Backup
0x0000000002a5b000 	/usr/lib/libextension.dylib
0x0000000002a5b000 	/usr/lib/libarchive.2.dylib
0x0000000002a5b000 	/System/Library/Frameworks/CFNetwork.framework/Versions/A/CFNetwork
0x0000000002a5b000 	/System/Library/Frameworks/SystemConfiguration.framework/Versions/A/SystemConfiguration
0x0000000002a5b000 	/usr/lib/libCRFSuite.dylib
0x0000000002a5b000 	/usr/lib/libc++.1.dylib
0x0000000002a5b000 	/usr/lib/libc++abi.dylib
0x0000000002a5b000 	/usr/lib/system/libcache.dylib
0x0000000002a5b000 	/usr/lib/system/libcommonCrypto.dylib
0x0000000002a5b000 	/usr/lib/system/libcompiler_rt.dylib
0x0000000002a5b000 	/usr/lib/system/libcopyfile.dylib
0x0000000002a5b000 	/usr/lib/system/libcorecrypto.dylib
0x0000000002a5b000 	/usr/lib/system/libdispatch.dylib
0x0000000002a5b000 	/usr/lib/system/libdyld.dylib
0x0000000002a5b000 	/usr/lib/system/libkeymgr.dylib
0x0000000002a5b000 	/usr/lib/system/liblaunch.dylib
0x0000000002a5b000 	/usr/lib/system/libmacho.dylib
0x0000000002a5b000 	/usr/lib/system/libquarantine.dylib
0x0000000002a5b000 	/usr/lib/system/libremovefile.dylib
0x0000000002a5b000 	/usr/lib/system/libsystem_asl.dylib
0x0000000002a5b000 	/usr/lib/system/libsystem_blocks.dylib
0x0000000002a5b000 	/usr/lib/system/libsystem_c.dylib
0x0000000002a5b000 	/usr/lib/system/libsystem_configuration.dylib
0x0000000002a5b000 	/usr/lib/system/libsystem_coreservices.dylib
0x0000000002a5b000 	/usr/lib/system/libsystem_coretls.dylib
0x0000000002a5b000 	/usr/lib/system/libsystem_dnssd.dylib
0x0000000002a5b000 	/usr/lib/system/libsystem_info.dylib
0x0000000002a5b000 	/usr/lib/system/libsystem_kernel.dylib
0x0000000002a5b000 	/usr/lib/system/libsystem_m.dylib
0x0000000002a5b000 	/usr/lib/system/libsystem_malloc.dylib
0x0000000002a5b000 	/usr/lib/system/libsystem_network.dylib
0x0000000002a5b000 	/usr/lib/system/libsystem_networkextension.dylib
0x0000000002a5b000 	/usr/lib/system/libsystem_notify.dylib
0x0000000002a5b000 	/usr/lib/system/libsystem_platform.dylib
0x0000000002a5b000 	/usr/lib/system/libsystem_pthread.dylib
0x0000000002a5b000 	/usr/lib/system/libsystem_sandbox.dylib
0x0000000002a5b000 	/usr/lib/system/libsystem_secinit.dylib
0x0000000002a5b000 	/usr/lib/system/libsystem_trace.dylib
0x0000000002a5b000 	/usr/lib/system/libunc.dylib
0x0000000002a5b000 	/usr/lib/system/libunwind.dylib
0x0000000002a5b000 	/usr/lib/system/libxpc.dylib
0x0000000002a5b000 	/usr/lib/libenergytrace.dylib
0x0000000002a5b000 	/usr/lib/libbsm.0.dylib
0x0000000002a5b000 	/usr/lib/system/libkxld.dylib
0x0000000002a5b000 	/usr/lib/libxar.1.dylib
0x0000000002a5b000 	/usr/lib/libsqlite3.dylib
0x0000000002a5b000 	/usr/lib/libpam.2.dylib
0x0000000002a5b000 	/usr/lib/libOpenScriptingUtil.dylib
0x0000000002a5b000 	/usr/lib/libbz2.1.0.dylib
0x0000000002a5b000 	/usr/lib/liblzma.5.dylib
0x0000000002a5b000 	/System/Library/Frameworks/CoreServices.framework/Versions/A/Frameworks/FSEvents.framework/Versions/A/FSEvents
0x0000000002a5b000 	/System/Library/Frameworks/CoreServices.framework/Versions/A/Frameworks/CarbonCore.framework/Versions/A/CarbonCore
0x0000000002a5b000 	/System/Library/Frameworks/CoreServices.framework/Versions/A/Frameworks/Metadata.framework/Versions/A/Metadata
0x0000000002a5b000 	/System/Library/Frameworks/CoreServices.framework/Versions/A/Frameworks/OSServices.framework/Versions/A/OSServices
0x0000000002a5b000 	/System/Library/Frameworks/CoreServices.framework/Versions/A/Frameworks/SearchKit.framework/Versions/A/SearchKit
0x0000000002a5b000 	/System/Library/Frameworks/CoreServices.framework/Versions/A/Frameworks/AE.framework/Versions/A/AE
0x0000000002a5b000 	/System/Library/Frameworks/CoreServices.framework/Versions/A/Frameworks/LaunchServices.framework/Versions/A/LaunchServices
0x0000000002a5b000 	/System/Library/Frameworks/CoreServices.framework/Versions/A/Frameworks/DictionaryServices.framework/Versions/A/DictionaryServices
0x0000000002a5b000 	/System/Library/Frameworks/CoreServices.framework/Versions/A/Frameworks/SharedFileList.framework/Versions/A/SharedFileList
0x0000000002a5b000 	/System/Library/Frameworks/NetFS.framework/Versions/A/NetFS
0x0000000002a5b000 	/System/Library/PrivateFrameworks/NetAuth.framework/Versions/A/NetAuth
0x0000000002a5b000 	/System/Library/PrivateFrameworks/login.framework/Versions/A/Frameworks/loginsupport.framework/Versions/A/loginsupport
0x0000000002a5b000 	/System/Library/PrivateFrameworks/TCC.framework/Versions/A/TCC
0x0000000002a5b000 	/usr/lib/libmecabra.dylib
0x0000000002a5b000 	/System/Library/Frameworks/ApplicationServices.framework/Versions/A/Frameworks/ATS.framework/Versions/A/ATS
0x0000000002a5b000 	/System/Library/Frameworks/ApplicationServices.framework/Versions/A/Frameworks/ColorSync.framework/Versions/A/ColorSync
0x0000000002a5b000 	/System/Library/Frameworks/ApplicationServices.framework/Versions/A/Frameworks/HIServices.framework/Versions/A/HIServices
0x0000000002a5b000 	/System/Library/Frameworks/ApplicationServices.framework/Versions/A/Frameworks/LangAnalysis.framework/Versions/A/LangAnalysis
0x0000000002a5b000 	/System/Library/Frameworks/ApplicationServices.framework/Versions/A/Frameworks/PrintCore.framework/Versions/A/PrintCore
0x0000000002a5b000 	/System/Library/Frameworks/ApplicationServices.framework/Versions/A/Frameworks/QD.framework/Versions/A/QD
0x0000000002a5b000 	/System/Library/Frameworks/ApplicationServices.framework/Versions/A/Frameworks/SpeechSynthesis.framework/Versions/A/SpeechSynthesis
0x0000000002a5b000 	/System/Library/Frameworks/Metal.framework/Versions/A/Metal
0x0000000002a5b000 	/System/Library/Frameworks/Accelerate.framework/Versions/A/Frameworks/vImage.framework/Versions/A/vImage
0x0000000002a5b000 	/System/Library/Frameworks/Accelerate.framework/Versions/A/Frameworks/vecLib.framework/Versions/A/vecLib
0x0000000002a5b000 	/System/Library/Frameworks/Accelerate.framework/Versions/A/Frameworks/vecLib.framework/Versions/A/libvDSP.dylib
0x0000000002a5b000 	/System/Library/Frameworks/Accelerate.framework/Versions/A/Frameworks/vecLib.framework/Versions/A/libvMisc.dylib
0x0000000002a5b000 	/System/Library/Frameworks/Accelerate.framework/Versions/A/Frameworks/vecLib.framework/Versions/A/libLAPACK.dylib
0x0000000002a5b000 	/System/Library/Frameworks/Accelerate.framework/Versions/A/Frameworks/vecLib.framework/Versions/A/libBLAS.dylib
0x0000000002a5b000 	/System/Library/Frameworks/Accelerate.framework/Versions/A/Frameworks/vecLib.framework/Versions/A/libLinearAlgebra.dylib
0x0000000002a5b000 	/System/Library/Frameworks/Accelerate.framework/Versions/A/Frameworks/vecLib.framework/Versions/A/libSparseBLAS.dylib
0x0000000002a5b000 	/System/Library/PrivateFrameworks/GPUCompiler.framework/libmetal_timestamp.dylib
0x0000000002a5b000 	/System/Library/Frameworks/OpenGL.framework/Versions/A/Libraries/libCoreFSCache.dylib
0x0000000002a5b000 	/System/Library/PrivateFrameworks/IOAccelerator.framework/Versions/A/IOAccelerator
0x0000000002a5b000 	/System/Library/Frameworks/ApplicationServices.framework/Versions/A/Frameworks/ATS.framework/Versions/A/Resources/libFontParser.dylib
0x0000000002a5b000 	/System/Library/Frameworks/ApplicationServices.framework/Versions/A/Frameworks/ATS.framework/Versions/A/Resources/libFontRegistry.dylib
0x0000000002a5b000 	/System/Library/PrivateFrameworks/AppleVPA.framework/Versions/A/AppleVPA
0x0000000002a5b000 	/System/Library/PrivateFrameworks/AppleJPEG.framework/Versions/A/AppleJPEG
0x0000000002a5b000 	/System/Library/Frameworks/ImageIO.framework/Versions/A/Resources/libJPEG.dylib
0x0000000002a5b000 	/System/Library/Frameworks/ImageIO.framework/Versions/A/Resources/libTIFF.dylib
0x0000000002a5b000 	/System/Library/Frameworks/ImageIO.framework/Versions/A/Resources/libPng.dylib
0x0000000002a5b000 	/System/Library/Frameworks/ImageIO.framework/Versions/A/Resources/libGIF.dylib
0x0000000002a5b000 	/System/Library/Frameworks/ImageIO.framework/Versions/A/Resources/libJP2.dylib
0x0000000002a5b000 	/System/Library/Frameworks/ImageIO.framework/Versions/A/Resources/libRadiance.dylib
0x0000000002a5b000 	/System/Library/Frameworks/CoreVideo.framework/Versions/A/CoreVideo
0x0000000002a5b000 	/System/Library/Frameworks/OpenGL.framework/Versions/A/Libraries/libGLU.dylib
0x0000000002a5b000 	/System/Library/Frameworks/OpenGL.framework/Versions/A/Libraries/libGFXShared.dylib
0x0000000002a5b000 	/System/Library/Frameworks/OpenGL.framework/Versions/A/Libraries/libGL.dylib
0x0000000002a5b000 	/System/Library/Frameworks/OpenGL.framework/Versions/A/Libraries/libGLImage.dylib
0x0000000002a5b000 	/System/Library/Frameworks/OpenGL.framework/Versions/A/Libraries/libCVMSPluginSupport.dylib
0x0000000002a5b000 	/System/Library/Frameworks/OpenGL.framework/Versions/A/Libraries/libCoreVMClient.dylib
0x0000000002a5b000 	/usr/lib/libcups.2.dylib
0x0000000002a5b000 	/System/Library/Frameworks/Kerberos.framework/Versions/A/Kerberos
0x0000000002a5b000 	/System/Library/Frameworks/GSS.framework/Versions/A/GSS
0x0000000002a5b000 	/usr/lib/libresolv.9.dylib
0x0000000002a5b000 	/usr/lib/libiconv.2.dylib
0x0000000002a5b000 	/System/Library/PrivateFrameworks/Heimdal.framework/Versions/A/Heimdal
0x0000000002a5b000 	/usr/lib/libheimdal-asn1.dylib
0x0000000002a5b000 	/System/Library/Frameworks/OpenDirectory.framework/Versions/A/OpenDirectory
0x0000000002a5b000 	/System/Library/PrivateFrameworks/CommonAuth.framework/Versions/A/CommonAuth
0x0000000002a5b000 	/System/Library/Frameworks/OpenDirectory.framework/Versions/A/Frameworks/CFOpenDirectory.framework/Versions/A/CFOpenDirectory
0x0000000002a5b000 	/System/Library/Frameworks/SecurityFoundation.framework/Versions/A/SecurityFoundation
0x0000000002a5b000 	/System/Library/PrivateFrameworks/LanguageModeling.framework/Versions/A/LanguageModeling
0x0000000002a5b000 	/usr/lib/libmarisa.dylib
0x0000000002a5b000 	/usr/lib/libChineseTokenizer.dylib
0x0000000002a5b000 	/usr/lib/libcmph.dylib
0x0000000002a5b000 	/usr/lib/libcompression.dylib
0x0000000002a5b000 	/System/Library/Frameworks/ServiceManagement.framework/Versions/A/ServiceManagement
0x0000000002a5b000 	/usr/lib/libxslt.1.dylib
0x0000000002a5b000 	/System/Library/Frameworks/Carbon.framework/Versions/A/Frameworks/Ink.framework/Versions/A/Ink
0x0000000002a5b000 	/usr/lib/libFosl_dynamic.dylib
0x0000000002a5b000 	/System/Library/PrivateFrameworks/FaceCore.framework/Versions/A/FaceCore
0x0000000002a5b000 	/System/Library/Frameworks/OpenCL.framework/Versions/A/OpenCL
0x0000000002a5b000 	/System/Library/PrivateFrameworks/CrashReporterSupport.framework/Versions/A/CrashReporterSupport
0x0000000002a5b000 	/System/Library/PrivateFrameworks/IconServices.framework/Versions/A/IconServices
0x0000000002a5b000 	/System/Library/PrivateFrameworks/Apple80211.framework/Versions/A/Apple80211
0x0000000002a5b000 	/System/Library/Frameworks/CoreWLAN.framework/Versions/A/CoreWLAN
0x0000000002a5b000 	/System/Library/Frameworks/IOBluetooth.framework/Versions/A/IOBluetooth
0x0000000002a5b000 	/System/Library/PrivateFrameworks/CoreWiFi.framework/Versions/A/CoreWiFi
0x0000000002a5b000 	/System/Library/Frameworks/CoreBluetooth.framework/Versions/A/CoreBluetooth
0x0000000002a5b000 	/System/Library/PrivateFrameworks/ChunkingLibrary.framework/Versions/A/ChunkingLibrary
0x0000000002a5b000 	/System/Library/PrivateFrameworks/DebugSymbols.framework/Versions/A/DebugSymbols
0x0000000002a5b000 	/System/Library/PrivateFrameworks/CoreSymbolication.framework/Versions/A/CoreSymbolication
0x0000000002a5b000 	/System/Library/PrivateFrameworks/Symbolication.framework/Versions/A/Symbolication
0x0000000002a5b000 	/System/Library/PrivateFrameworks/SpeechRecognitionCore.framework/Versions/A/SpeechRecognitionCore
0x000000010b000000 	/Library/Java/JavaVirtualMachines/jdk1.8.0_60.jdk/Contents/Home/jre/lib/server/libjvm.dylib
0x0000000002a5b000 	/usr/lib/libstdc++.6.dylib
0x000000010a78d000 	/Library/Java/JavaVirtualMachines/jdk1.8.0_60.jdk/Contents/Home/jre/lib/libverify.dylib
0x000000010a79b000 	/Library/Java/JavaVirtualMachines/jdk1.8.0_60.jdk/Contents/Home/jre/lib/libjava.dylib
0x000000010a7da000 	/Library/Java/JavaVirtualMachines/jdk1.8.0_60.jdk/Contents/Home/jre/lib/libzip.dylib
0x000000011f36e000 	/System/Library/Frameworks/JavaVM.framework/Frameworks/JavaRuntimeSupport.framework/JavaRuntimeSupport
0x000000011f389000 	/System/Library/Frameworks/JavaVM.framework/Versions/A/Frameworks/JavaNativeFoundation.framework/Versions/A/JavaNativeFoundation
0x000000011f39e000 	/System/Library/Frameworks/JavaVM.framework/Versions/A/JavaVM
0x0000000002a5b000 	/System/Library/Frameworks/Carbon.framework/Versions/A/Carbon
0x000000011f3ab000 	/System/Library/PrivateFrameworks/JavaLaunching.framework/Versions/A/JavaLaunching
0x0000000002a5b000 	/System/Library/Frameworks/Carbon.framework/Versions/A/Frameworks/CommonPanels.framework/Versions/A/CommonPanels
0x0000000002a5b000 	/System/Library/Frameworks/Carbon.framework/Versions/A/Frameworks/Help.framework/Versions/A/Help
0x0000000002a5b000 	/System/Library/Frameworks/Carbon.framework/Versions/A/Frameworks/ImageCapture.framework/Versions/A/ImageCapture
0x0000000002a5b000 	/System/Library/Frameworks/Carbon.framework/Versions/A/Frameworks/OpenScripting.framework/Versions/A/OpenScripting
0x0000000002a5b000 	/System/Library/Frameworks/Carbon.framework/Versions/A/Frameworks/Print.framework/Versions/A/Print
0x0000000002a5b000 	/System/Library/Frameworks/Carbon.framework/Versions/A/Frameworks/SecurityHI.framework/Versions/A/SecurityHI
0x0000000120e3d000 	/Library/Java/JavaVirtualMachines/jdk1.8.0_60.jdk/Contents/Home/jre/lib/libnet.dylib
0x0000000120e9c000 	/Library/Java/JavaVirtualMachines/jdk1.8.0_60.jdk/Contents/Home/jre/lib/libnio.dylib
0x0000000120eac000 	/Users/fi8er1/.gradle/native/19/osx-amd64/libnative-platform.dylib
0x0000000121023000 	/Library/Java/JavaVirtualMachines/jdk1.8.0_60.jdk/Contents/Home/jre/lib/libmanagement.dylib

VM Arguments:
jvm_args: -XX:MaxPermSize=256m -XX:+HeapDumpOnOutOfMemoryError -Xmx1024m -Dfile.encoding=UTF-8 -Duser.country=US -Duser.language=en -Duser.variant 
java_command: org.gradle.launcher.daemon.bootstrap.GradleDaemon 2.4 /Users/fi8er1/.gradle /Users/fi8er1/.gradle/daemon 10800000 8911c982-b905-4c2d-b108-1083467be780 -XX:MaxPermSize=256m -XX:+HeapDumpOnOutOfMemoryError -Xmx1024m -Dfile.encoding=UTF-8 -Duser.country=US -Duser.language=en -Duser.variant
java_class_path (initial): /Users/fi8er1/.gradle/wrapper/dists/gradle-2.4-all/6r4uqcc6ovnq6ac6s0txzcpc0/gradle-2.4/lib/gradle-launcher-2.4.jar
Launcher Type: SUN_STANDARD

Environment Variables:
PATH=/usr/bin:/bin:/usr/sbin:/sbin
SHELL=/bin/bash
DISPLAY=/private/tmp/com.apple.launchd.d5TGpkIgf2/org.macosforge.xquartz:0

Signal Handlers:
SIGSEGV: [libjvm.dylib+0x5a6d31], sa_mask[0]=11111111011111110111111111111111, sa_flags=SA_ONSTACK|SA_RESTART|SA_SIGINFO
SIGBUS: [libjvm.dylib+0x5a6d31], sa_mask[0]=11111111011111110111111111111111, sa_flags=SA_RESTART|SA_SIGINFO
SIGFPE: [libjvm.dylib+0x480a4c], sa_mask[0]=11111111011111110111111111111111, sa_flags=SA_RESTART|SA_SIGINFO
SIGPIPE: [libjvm.dylib+0x480a4c], sa_mask[0]=11111111011111110111111111111111, sa_flags=SA_RESTART|SA_SIGINFO
SIGXFSZ: [libjvm.dylib+0x480a4c], sa_mask[0]=11111111011111110111111111111111, sa_flags=SA_RESTART|SA_SIGINFO
SIGILL: [libjvm.dylib+0x480a4c], sa_mask[0]=11111111011111110111111111111111, sa_flags=SA_RESTART|SA_SIGINFO
SIGUSR1: SIG_DFL, sa_mask[0]=00000000000000000000000000000000, sa_flags=none
SIGUSR2: [libjvm.dylib+0x48056a], sa_mask[0]=00100000000000000000000000000000, sa_flags=SA_RESTART|SA_SIGINFO
SIGHUP: [libjvm.dylib+0x47eb41], sa_mask[0]=11111111011111110111111111111111, sa_flags=SA_RESTART|SA_SIGINFO
SIGINT: [libjvm.dylib+0x47eb41], sa_mask[0]=11111111011111110111111111111111, sa_flags=SA_RESTART|SA_SIGINFO
SIGTERM: [libjvm.dylib+0x47eb41], sa_mask[0]=11111111011111110111111111111111, sa_flags=SA_RESTART|SA_SIGINFO
SIGQUIT: [libjvm.dylib+0x47eb41], sa_mask[0]=11111111011111110111111111111111, sa_flags=SA_RESTART|SA_SIGINFO


---------------  S Y S T E M  ---------------

OS:Bsduname:Darwin 15.3.0 Darwin Kernel Version 15.3.0: Thu Dec 10 18:40:58 PST 2015; root:xnu-3248.30.4~1/RELEASE_X86_64 x86_64
rlimit: STACK 8192k, CORE 0k, NPROC 709, NOFILE 10240, AS infinity
load average:1.80 1.54 1.46

CPU:total 4 (2 cores per cpu, 2 threads per core) family 6 model 69 stepping 1, cmov, cx8, fxsr, mmx, sse, sse2, sse3, ssse3, sse4.1, sse4.2, popcnt, avx, avx2, aes, clmul, erms, lzcnt, ht, tsc, tscinvbit, bmi1, bmi2

Memory: 4k page, physical 4194304k(44664k free)

/proc/meminfo:


vm_info: Java HotSpot(TM) 64-Bit Server VM (25.60-b23) for bsd-amd64 JRE (1.8.0_60-b27), built on Aug  4 2015 10:47:24 by "java_re" with gcc 4.2.1 (Based on Apple Inc. build 5658) (LLVM build 2336.11.00)

time: Sat Mar 26 15:53:15 2016
elapsed time: 6297 seconds (0d 1h 44m 57s)

