#
# A fatal error has been detected by the Java Runtime Environment:
#
#  SIGSEGV (0xb) at pc=0x000000010b706c00, pid=1092, tid=8707
#
# JRE version: Java(TM) SE Runtime Environment (8.0_60-b27) (build 1.8.0_60-b27)
# Java VM: Java HotSpot(TM) 64-Bit Server VM (25.60-b23 mixed mode bsd-amd64 compressed oops)
# Problematic frame:
# 
[error occurred during error reporting (printing problematic frame), id 0xb]

# Failed to write core dump. Core dumps have been disabled. To enable core dumping, try "ulimit -c unlimited" before starting Java again
#
# If you would like to submit a bug report, please visit:
#   http://bugreport.java.com/bugreport/crash.jsp
#

---------------  T H R E A D  ---------------

Current thread (0x00007f992400a800):  GCTaskThread [stack: 0x000070000021d000,0x000070000031d000] [id=8707]

siginfo: si_signo: 11 (SIGSEGV), si_code: 1 (SEGV_MAPERR), si_addr: 0x0000000000000009

Registers:
RAX=0x00000007c0000b60, RBX=0x0000000000000001, RCX=0x000000078bb1e603, RDX=0x000000078bb1e660
RSP=0x000070000031cbd8, RBP=0x000070000031cc40, RSI=0x00007f9925027c00, RDI=0x00000007c0000b60
R8 =0x000000010afebb06, R9 =0x000000078bb1e660, R10=0x0000000796b00bb0, R11=0xffffffffdfa4b178
R12=0x00007f9925027c01, R13=0x000000078bb1e660, R14=0x00007f9925027c00, R15=0x000000011d917778
RIP=0x000000010b706c00, EFLAGS=0x0000000000010213, ERR=0x0000000000000004
  TRAPNO=0x000000000000000e

Top of Stack: (sp=0x000070000031cbd8)
0x000070000031cbd8:   000000010abd711e 00004c0100004d00
0x000070000031cbe8:   00000007ac0d34e8 00000007b93da3e0
0x000070000031cbf8:   0000000000001000 0000000000000000
0x000070000031cc08:   00007f9900000000 000000000000000d
0x000070000031cc18:   00000007b93e1e79 000000010afebb06
0x000070000031cc28:   00000007b93e1e79 00000007b93e1e78
0x000070000031cc38:   00007f9925027c98 000070000031cc60
0x000070000031cc48:   000000010abd724b 00007f9925027c00
0x000070000031cc58:   00007f9925027c60 000070000031ccc0
0x000070000031cc68:   000000010abd6269 000000078834fafc
0x000070000031cc78:   00000007c0032cb8 00000007b93e1e79
0x000070000031cc88:   00000007c0032cb8 00007f9925027c00
0x000070000031cc98:   0000000788350088 000000011b401a80
0x000070000031cca8:   0000000788350000 000000011b401a81
0x000070000031ccb8:   0000000000000240 000070000031cd80
0x000070000031ccc8:   000000010a86d7e8 0000000000005100
0x000070000031ccd8:   0000000000000200 fffffffee4be270b
0x000070000031cce8:   0000000000000000 000000011b41d8f3
0x000070000031ccf8:   00000001177c0000 000000011b41d8f4
0x000070000031cd08:   0000000003c41a00 fffffffee4bfe57f
0x000070000031cd18:   0000000003c5d8f4 000000011b401a80
0x000070000031cd28:   000000011b401a01 000000078bb1e660
0x000070000031cd38:   0000000788350088 00007f9923c185d0
0x000070000031cd48:   00007f9925027c00 00007f9923c18350
0x000070000031cd58:   00007f9923d032d0 0000000000000000
0x000070000031cd68:   000000010ad20780 00007f9925027c00
0x000070000031cd78:   0000000000000001 000070000031cdb0
0x000070000031cd88:   000000010abd9d9f 00007f9900000004
0x000070000031cd98:   00007f9923c1b780 00007f992400a800
0x000070000031cda8:   00007f9923d032d0 000070000031ce90
0x000070000031cdb8:   000000010a98b3f7 000070000031cdf0
0x000070000031cdc8:   00007f9923c1ba10 00007f9923c1ba40 

Instructions: (pc=0x000000010b706c00)
0x000000010b706be0:   a0 04 00 00 00 00 00 00 30 55 d2 0a 01 00 00 00
0x000000010b706bf0:   ff ff ff ff 00 00 00 00 00 00 00 00 00 00 00 00
0x000000010b706c00:   48 8b 53 08 0f b7 4a 2a 0f b7 52 28 2b d1 81 fa
0x000000010b706c10:   f6 01 00 00 0f 86 33 00 00 00 48 8b c2 48 c1 e0 

Register to memory mapping:

RAX=0x00000007c0000b60 is pointing into metadata
RBX=0x0000000000000001 is an unknown value
RCX=0x000000078bb1e603 is pointing into object: 0x000000078bb1e5f8
[I 
 - klass: {type array int}
 - length: 1
RDX=0x000000078bb1e660 is an oop

[error occurred during error reporting (printing register info), id 0xb]

Stack: [0x000070000021d000,0x000070000031d000],  sp=0x000070000031cbd8,  free space=1022k
Native frames: (J=compiled Java code, j=interpreted, Vv=VM code, C=native code)

[error occurred during error reporting (printing native stack), id 0xb]


---------------  P R O C E S S  ---------------

Java Threads: ( => current thread )
  0x00007f99258cd000 JavaThread "pool-1-thread-4" [_thread_blocked, id=21763, stack(0x0000700001456000,0x0000700001556000)]
  0x00007f9924946000 JavaThread "pool-1-thread-3" [_thread_blocked, id=21251, stack(0x0000700001353000,0x0000700001453000)]
  0x00007f992493d800 JavaThread "pool-1-thread-2" [_thread_blocked, id=20739, stack(0x0000700001250000,0x0000700001350000)]
  0x00007f992493c000 JavaThread "pool-2-thread-1" [_thread_blocked, id=20227, stack(0x000070000114d000,0x000070000124d000)]
  0x00007f9924026000 JavaThread "pool-1-thread-1" [_thread_blocked, id=19715, stack(0x000070000104a000,0x000070000114a000)]
  0x00007f9924016000 JavaThread "Service Thread" daemon [_thread_blocked, id=18691, stack(0x0000700000e44000,0x0000700000f44000)]
  0x00007f992502a000 JavaThread "C1 CompilerThread2" daemon [_thread_blocked, id=18179, stack(0x0000700000d41000,0x0000700000e41000)]
  0x00007f9925823800 JavaThread "C2 CompilerThread1" daemon [_thread_blocked, id=17667, stack(0x0000700000c3e000,0x0000700000d3e000)]
  0x00007f9924015000 JavaThread "C2 CompilerThread0" daemon [_thread_in_native, id=17155, stack(0x0000700000b3b000,0x0000700000c3b000)]
  0x00007f9924014800 JavaThread "Signal Dispatcher" daemon [_thread_blocked, id=13839, stack(0x0000700000a38000,0x0000700000b38000)]
  0x00007f9925803800 JavaThread "Finalizer" daemon [_thread_blocked, id=11779, stack(0x000070000082f000,0x000070000092f000)]
  0x00007f9924800800 JavaThread "Reference Handler" daemon [_thread_blocked, id=11267, stack(0x000070000072c000,0x000070000082c000)]
  0x00007f9925002000 JavaThread "main" [_thread_blocked, id=4099, stack(0x0000700000084000,0x0000700000184000)]

Other Threads:
  0x00007f9925028800 VMThread [stack: 0x0000700000629000,0x0000700000729000] [id=10755]
  0x00007f992502c000 WatcherThread [stack: 0x0000700000f47000,0x0000700001047000] [id=19203]

=>0x00007f992400a800 (exited) GCTaskThread [stack: 0x000070000021d000,0x000070000031d000] [id=8707]

VM state:at safepoint (normal execution)

VM Mutex/Monitor currently owned by a thread:  ([mutex/lock_event])
[0x00007f9923c16470] Threads_lock - owner thread: 0x00007f9925028800
[0x00007f9923c16970] Heap_lock - owner thread: 0x00007f9925002000

Heap:
 PSYoungGen      total 226816K, used 110592K [0x00000007aab00000, 0x00000007c0000000, 0x00000007c0000000)
  eden space 110592K, 100% used [0x00000007aab00000,0x00000007b1700000,0x00000007b1700000)
  from space 116224K, 0% used [0x00000007b1700000,0x00000007b1700000,0x00000007b8880000)
  to   space 116224K, 21% used [0x00000007b8e80000,0x00000007ba7373a0,0x00000007c0000000)
 ParOldGen       total 377856K, used 371714K [0x0000000780000000, 0x0000000797100000, 0x00000007aab00000)
  object space 377856K, 98% used [0x0000000780000000,0x0000000796b00bb0,0x0000000797100000)
 Metaspace       used 6247K, capacity 7158K, committed 7296K, reserved 1056768K
  class space    used 603K, capacity 622K, committed 640K, reserved 1048576K

Card table byte_map: [0x000000011b3c0000,0x000000011b5c1000] byte_map_base: 0x00000001177c0000

Marking Bits: (ParMarkBitMap*) 0x000000010aff5e20
 Begin Bits: [0x000000011b717000, 0x000000011c717000)
 End Bits:   [0x000000011c717000, 0x000000011d717000)

Polling page: 0x000000010b6e3000

CodeCache: size=245760Kb used=8019Kb max_used=8039Kb free=237740Kb
 bounds [0x000000010b6f6000, 0x000000010bee6000, 0x000000011a6f6000]
 total_blobs=2212 nmethods=1943 adapters=182
 compilation: enabled

Compilation events (10 events):
Event: 28.337 Thread 0x00007f9925823800 nmethod 2163 0x000000010bea0dd0 code [0x000000010bea1060, 0x000000010bea1f60]
Event: 28.337 Thread 0x00007f9925823800 2321 %     4       com.android.dx.ssa.SsaMethod::forEachBlockDepthFirst @ 62 (194 bytes)
Event: 31.633 Thread 0x00007f9924015000 nmethod 2318 0x000000010bec8690 code [0x000000010bec8bc0, 0x000000010becc7f0]
Event: 31.634 Thread 0x00007f9924015000 2323 %     4       com.android.dx.ssa.SsaConverter::placePhiFunctions @ 103 (394 bytes)
Event: 32.302 Thread 0x00007f9925823800 nmethod 2321% 0x000000010bed18d0 code [0x000000010bed1cc0, 0x000000010bed52b0]
Event: 32.303 Thread 0x00007f9925823800 2322 %     4       com.android.dx.ssa.Dominators::run @ 403 (506 bytes)
Event: 32.388 Thread 0x00007f9925823800 nmethod 2322% 0x000000010bea0150 code [0x000000010bea0300, 0x000000010bea07d8]
Event: 32.388 Thread 0x00007f9925823800 2170       4       com.android.dx.ssa.SCCP::simulatePhiBlock (50 bytes)
Event: 32.394 Thread 0x00007f9925823800 nmethod 2170 0x000000010be8ef90 code [0x000000010be8f100, 0x000000010be8f388]
Event: 32.394 Thread 0x00007f9925823800 2222       4       com.android.dx.rop.code.LocalVariableExtractor::processBlock (327 bytes)

GC Heap History (10 events):
Event: 23.867 GC heap after
Heap after GC invocations=15 (full 3):
 PSYoungGen      total 195072K, used 23616K [0x00000007aab00000, 0x00000007bb680000, 0x00000007c0000000)
  eden space 131584K, 0% used [0x00000007aab00000,0x00000007aab00000,0x00000007b2b80000)
  from space 63488K, 37% used [0x00000007b7880000,0x00000007b8f903a8,0x00000007bb680000)
  to   space 71168K, 0% used [0x00000007b2b80000,0x00000007b2b80000,0x00000007b7100000)
 ParOldGen       total 361472K, used 217292K [0x0000000780000000, 0x0000000796100000, 0x00000007aab00000)
  object space 361472K, 60% used [0x0000000780000000,0x000000078d433258,0x0000000796100000)
 Metaspace       used 6201K, capacity 7158K, committed 7296K, reserved 1056768K
  class space    used 603K, capacity 622K, committed 640K, reserved 1048576K
}
Event: 25.190 GC heap before
{Heap before GC invocations=16 (full 3):
 PSYoungGen      total 195072K, used 155134K [0x00000007aab00000, 0x00000007bb680000, 0x00000007c0000000)
  eden space 131584K, 99% used [0x00000007aab00000,0x00000007b2b6f7c8,0x00000007b2b80000)
  from space 63488K, 37% used [0x00000007b7880000,0x00000007b8f903a8,0x00000007bb680000)
  to   space 71168K, 0% used [0x00000007b2b80000,0x00000007b2b80000,0x00000007b7100000)
 ParOldGen       total 361472K, used 217292K [0x0000000780000000, 0x0000000796100000, 0x00000007aab00000)
  object space 361472K, 60% used [0x0000000780000000,0x000000078d433258,0x0000000796100000)
 Metaspace       used 6247K, capacity 7158K, committed 7296K, reserved 1056768K
  class space    used 603K, capacity 622K, committed 640K, reserved 1048576K
Event: 25.517 GC heap after
Heap after GC invocations=16 (full 3):
 PSYoungGen      total 202752K, used 62549K [0x00000007aab00000, 0x00000007bd680000, 0x00000007c0000000)
  eden space 131584K, 0% used [0x00000007aab00000,0x00000007aab00000,0x00000007b2b80000)
  from space 71168K, 87% used [0x00000007b2b80000,0x00000007b6895748,0x00000007b7100000)
  to   space 79872K, 0% used [0x00000007b8880000,0x00000007b8880000,0x00000007bd680000)
 ParOldGen       total 361472K, used 217300K [0x0000000780000000, 0x0000000796100000, 0x00000007aab00000)
  object space 361472K, 60% used [0x0000000780000000,0x000000078d435258,0x0000000796100000)
 Metaspace       used 6247K, capacity 7158K, committed 7296K, reserved 1056768K
  class space    used 603K, capacity 622K, committed 640K, reserved 1048576K
}
Event: 27.536 GC heap before
{Heap before GC invocations=17 (full 3):
 PSYoungGen      total 202752K, used 194133K [0x00000007aab00000, 0x00000007bd680000, 0x00000007c0000000)
  eden space 131584K, 100% used [0x00000007aab00000,0x00000007b2b80000,0x00000007b2b80000)
  from space 71168K, 87% used [0x00000007b2b80000,0x00000007b6895748,0x00000007b7100000)
  to   space 79872K, 0% used [0x00000007b8880000,0x00000007b8880000,0x00000007bd680000)
 ParOldGen       total 361472K, used 217300K [0x0000000780000000, 0x0000000796100000, 0x00000007aab00000)
  object space 361472K, 60% used [0x0000000780000000,0x000000078d435258,0x0000000796100000)
 Metaspace       used 6247K, capacity 7158K, committed 7296K, reserved 1056768K
  class space    used 603K, capacity 622K, committed 640K, reserved 1048576K
Event: 28.129 GC heap after
Heap after GC invocations=17 (full 3):
 PSYoungGen      total 190464K, used 79866K [0x00000007aab00000, 0x00000007c0000000, 0x00000007c0000000)
  eden space 110592K, 0% used [0x00000007aab00000,0x00000007aab00000,0x00000007b1700000)
  from space 79872K, 99% used [0x00000007b8880000,0x00000007bd67ea60,0x00000007bd680000)
  to   space 116224K, 0% used [0x00000007b1700000,0x00000007b1700000,0x00000007b8880000)
 ParOldGen       total 361472K, used 280691K [0x0000000780000000, 0x0000000796100000, 0x00000007aab00000)
  object space 361472K, 77% used [0x0000000780000000,0x000000079121ccf0,0x0000000796100000)
 Metaspace       used 6247K, capacity 7158K, committed 7296K, reserved 1056768K
  class space    used 603K, capacity 622K, committed 640K, reserved 1048576K
}
Event: 28.722 GC heap before
{Heap before GC invocations=18 (full 3):
 PSYoungGen      total 190464K, used 190458K [0x00000007aab00000, 0x00000007c0000000, 0x00000007c0000000)
  eden space 110592K, 100% used [0x00000007aab00000,0x00000007b1700000,0x00000007b1700000)
  from space 79872K, 99% used [0x00000007b8880000,0x00000007bd67ea60,0x00000007bd680000)
  to   space 116224K, 0% used [0x00000007b1700000,0x00000007b1700000,0x00000007b8880000)
 ParOldGen       total 361472K, used 280691K [0x0000000780000000, 0x0000000796100000, 0x00000007aab00000)
  object space 361472K, 77% used [0x0000000780000000,0x000000079121ccf0,0x0000000796100000)
 Metaspace       used 6247K, capacity 7158K, committed 7296K, reserved 1056768K
  class space    used 603K, capacity 622K, committed 640K, reserved 1048576K
Event: 29.146 GC heap after
Heap after GC invocations=18 (full 3):
 PSYoungGen      total 226816K, used 100863K [0x00000007aab00000, 0x00000007c0000000, 0x00000007c0000000)
  eden space 110592K, 0% used [0x00000007aab00000,0x00000007aab00000,0x00000007b1700000)
  from space 116224K, 86% used [0x00000007b1700000,0x00000007b797fd90,0x00000007b8880000)
  to   space 116224K, 0% used [0x00000007b8e80000,0x00000007b8e80000,0x00000007c0000000)
 ParOldGen       total 361472K, used 298508K [0x0000000780000000, 0x0000000796100000, 0x00000007aab00000)
  object space 361472K, 82% used [0x0000000780000000,0x0000000792383140,0x0000000796100000)
 Metaspace       used 6247K, capacity 7158K, committed 7296K, reserved 1056768K
  class space    used 603K, capacity 622K, committed 640K, reserved 1048576K
}
Event: 29.146 GC heap before
{Heap before GC invocations=19 (full 4):
 PSYoungGen      total 226816K, used 100863K [0x00000007aab00000, 0x00000007c0000000, 0x00000007c0000000)
  eden space 110592K, 0% used [0x00000007aab00000,0x00000007aab00000,0x00000007b1700000)
  from space 116224K, 86% used [0x00000007b1700000,0x00000007b797fd90,0x00000007b8880000)
  to   space 116224K, 0% used [0x00000007b8e80000,0x00000007b8e80000,0x00000007c0000000)
 ParOldGen       total 361472K, used 298508K [0x0000000780000000, 0x0000000796100000, 0x00000007aab00000)
  object space 361472K, 82% used [0x0000000780000000,0x0000000792383140,0x0000000796100000)
 Metaspace       used 6247K, capacity 7158K, committed 7296K, reserved 1056768K
  class space    used 603K, capacity 622K, committed 640K, reserved 1048576K
Event: 31.624 GC heap after
Heap after GC invocations=19 (full 4):
 PSYoungGen      total 226816K, used 0K [0x00000007aab00000, 0x00000007c0000000, 0x00000007c0000000)
  eden space 110592K, 0% used [0x00000007aab00000,0x00000007aab00000,0x00000007b1700000)
  from space 116224K, 0% used [0x00000007b1700000,0x00000007b1700000,0x00000007b8880000)
  to   space 116224K, 0% used [0x00000007b8e80000,0x00000007b8e80000,0x00000007c0000000)
 ParOldGen       total 377856K, used 191609K [0x0000000780000000, 0x0000000797100000, 0x00000007aab00000)
  object space 377856K, 50% used [0x0000000780000000,0x000000078bb1e660,0x0000000797100000)
 Metaspace       used 6247K, capacity 7158K, committed 7296K, reserved 1056768K
  class space    used 603K, capacity 622K, committed 640K, reserved 1048576K
}
Event: 33.323 GC heap before
{Heap before GC invocations=20 (full 4):
 PSYoungGen      total 226816K, used 110592K [0x00000007aab00000, 0x00000007c0000000, 0x00000007c0000000)
  eden space 110592K, 100% used [0x00000007aab00000,0x00000007b1700000,0x00000007b1700000)
  from space 116224K, 0% used [0x00000007b1700000,0x00000007b1700000,0x00000007b8880000)
  to   space 116224K, 0% used [0x00000007b8e80000,0x00000007b8e80000,0x00000007c0000000)
 ParOldGen       total 377856K, used 191609K [0x0000000780000000, 0x0000000797100000, 0x00000007aab00000)
  object space 377856K, 50% used [0x0000000780000000,0x000000078bb1e660,0x0000000797100000)
 Metaspace       used 6247K, capacity 7158K, committed 7296K, reserved 1056768K
  class space    used 603K, capacity 622K, committed 640K, reserved 1048576K

Deoptimization events (10 events):
Event: 22.970 Thread 0x00007f99258cd000 Uncommon trap: reason=unstable_if action=reinterpret pc=0x000000010ba41094 method=com.android.dx.ssa.SetFactory.makeLivenessSet(I)Lcom/android/dx/util/IntSet; @ 4
Event: 22.970 Thread 0x00007f99258cd000 Uncommon trap: reason=unstable_if action=reinterpret pc=0x000000010b9e9e54 method=com.android.dx.ssa.SetFactory.makeLivenessSet(I)Lcom/android/dx/util/IntSet; @ 4
Event: 23.089 Thread 0x00007f99258cd000 Uncommon trap: reason=class_check action=maybe_recompile pc=0x000000010ba1226c method=com.android.dx.ssa.back.InterferenceGraph.add(II)V @ 19
Event: 23.090 Thread 0x00007f99258cd000 Uncommon trap: reason=class_check action=maybe_recompile pc=0x000000010ba1226c method=com.android.dx.ssa.back.InterferenceGraph.add(II)V @ 19
Event: 23.090 Thread 0x00007f99258cd000 Uncommon trap: reason=class_check action=maybe_recompile pc=0x000000010ba1226c method=com.android.dx.ssa.back.InterferenceGraph.add(II)V @ 19
Event: 23.090 Thread 0x00007f99258cd000 Uncommon trap: reason=class_check action=maybe_recompile pc=0x000000010ba1226c method=com.android.dx.ssa.back.InterferenceGraph.add(II)V @ 19
Event: 25.544 Thread 0x00007f99258cd000 Uncommon trap: reason=bimorphic action=maybe_recompile pc=0x000000010bdcc420 method=com.android.dx.ssa.SCCP.setLatticeValueTo(IILcom/android/dx/rop/cst/Constant;)Z @ 43
Event: 25.544 Thread 0x00007f99258cd000 Uncommon trap: reason=bimorphic action=maybe_recompile pc=0x000000010bdcc420 method=com.android.dx.ssa.SCCP.setLatticeValueTo(IILcom/android/dx/rop/cst/Constant;)Z @ 43
Event: 25.544 Thread 0x00007f99258cd000 Uncommon trap: reason=bimorphic action=maybe_recompile pc=0x000000010bdcc420 method=com.android.dx.ssa.SCCP.setLatticeValueTo(IILcom/android/dx/rop/cst/Constant;)Z @ 43
Event: 25.544 Thread 0x00007f99258cd000 Uncommon trap: reason=bimorphic action=maybe_recompile pc=0x000000010bdcc420 method=com.android.dx.ssa.SCCP.setLatticeValueTo(IILcom/android/dx/rop/cst/Constant;)Z @ 43

Internal exceptions (6 events):
Event: 0.061 Thread 0x00007f9925002000 Exception <a 'java/lang/NoSuchMethodError': Method sun.misc.Unsafe.defineClass(Ljava/lang/String;[BII)Ljava/lang/Class; name or signature does not match> (0x00000007aab12f10) thrown at [/Users/java_re/workspace/8-2-build-macosx-x86_64/jdk8u60/4407/hotspot
Event: 0.061 Thread 0x00007f9925002000 Exception <a 'java/lang/NoSuchMethodError': Method sun.misc.Unsafe.prefetchRead(Ljava/lang/Object;J)V name or signature does not match> (0x00000007aab131f8) thrown at [/Users/java_re/workspace/8-2-build-macosx-x86_64/jdk8u60/4407/hotspot/src/share/vm/prim
Event: 2.841 Thread 0x00007f992493d800 Implicit null exception at 0x000000010b98d262 to 0x000000010b98d363
Event: 6.602 Thread 0x00007f9924946000 Exception <a 'java/lang/ArrayIndexOutOfBoundsException': 18> (0x00000007acba9898) thrown at [/Users/java_re/workspace/8-2-build-macosx-x86_64/jdk8u60/4407/hotspot/src/share/vm/interpreter/interpreterRuntime.cpp, line 366]
Event: 6.603 Thread 0x00007f9924946000 Exception <a 'java/lang/ArrayIndexOutOfBoundsException': 145> (0x00000007acbab418) thrown at [/Users/java_re/workspace/8-2-build-macosx-x86_64/jdk8u60/4407/hotspot/src/share/vm/interpreter/interpreterRuntime.cpp, line 366]
Event: 6.603 Thread 0x00007f9924946000 Exception <a 'java/lang/ArrayIndexOutOfBoundsException': 40> (0x00000007acbac700) thrown at [/Users/java_re/workspace/8-2-build-macosx-x86_64/jdk8u60/4407/hotspot/src/share/vm/interpreter/interpreterRuntime.cpp, line 366]

Events (10 events):
Event: 32.823 Thread 0x00007f9924026000 DEOPT UNPACKING pc=0x000000010b73d633 sp=0x0000700001148c70 mode 0
Event: 32.826 Thread 0x00007f9924026000 DEOPT PACKING pc=0x000000010bb39172 sp=0x0000700001148ed0
Event: 32.826 Thread 0x00007f9924026000 DEOPT UNPACKING pc=0x000000010b73d633 sp=0x0000700001148d00 mode 0
Event: 32.926 Thread 0x00007f9925002000 DEOPT PACKING pc=0x000000010ba99dab sp=0x0000700000182710
Event: 32.926 Thread 0x00007f9925002000 DEOPT UNPACKING pc=0x000000010b73d633 sp=0x00007000001824b0 mode 0
Event: 32.933 Thread 0x00007f992493d800 DEOPT PACKING pc=0x000000010ba922e0 sp=0x000070000134edb0
Event: 32.933 Thread 0x00007f992493d800 DEOPT UNPACKING pc=0x000000010b73d633 sp=0x000070000134eb68 mode 0
Event: 32.975 Thread 0x00007f9925002000 DEOPT PACKING pc=0x000000010bb39172 sp=0x0000700000182710
Event: 32.975 Thread 0x00007f9925002000 DEOPT UNPACKING pc=0x000000010b73d633 sp=0x0000700000182540 mode 0
Event: 33.323 Executing VM operation: ParallelGCFailedAllocation


Dynamic libraries:
0x00000000095ef000 	/System/Library/Frameworks/Cocoa.framework/Versions/A/Cocoa
0x00000000095ef000 	/System/Library/Frameworks/Security.framework/Versions/A/Security
0x00000000095ef000 	/System/Library/Frameworks/ApplicationServices.framework/Versions/A/ApplicationServices
0x00000000095ef000 	/usr/lib/libz.1.dylib
0x00000000095ef000 	/usr/lib/libSystem.B.dylib
0x00000000095ef000 	/usr/lib/libobjc.A.dylib
0x00000000095ef000 	/System/Library/Frameworks/CoreFoundation.framework/Versions/A/CoreFoundation
0x00000000095ef000 	/System/Library/Frameworks/Foundation.framework/Versions/C/Foundation
0x00000000095ef000 	/System/Library/Frameworks/AppKit.framework/Versions/C/AppKit
0x00000000095ef000 	/System/Library/Frameworks/CoreData.framework/Versions/A/CoreData
0x00000000095ef000 	/System/Library/PrivateFrameworks/RemoteViewServices.framework/Versions/A/RemoteViewServices
0x00000000095ef000 	/System/Library/PrivateFrameworks/UIFoundation.framework/Versions/A/UIFoundation
0x00000000095ef000 	/usr/lib/libScreenReader.dylib
0x00000000095ef000 	/System/Library/Frameworks/Accelerate.framework/Versions/A/Accelerate
0x00000000095ef000 	/System/Library/Frameworks/IOSurface.framework/Versions/A/IOSurface
0x00000000095ef000 	/System/Library/Frameworks/AudioToolbox.framework/Versions/A/AudioToolbox
0x00000000095ef000 	/System/Library/Frameworks/AudioUnit.framework/Versions/A/AudioUnit
0x00000000095ef000 	/System/Library/PrivateFrameworks/DataDetectorsCore.framework/Versions/A/DataDetectorsCore
0x00000000095ef000 	/System/Library/PrivateFrameworks/DesktopServicesPriv.framework/Versions/A/DesktopServicesPriv
0x00000000095ef000 	/System/Library/Frameworks/Carbon.framework/Versions/A/Frameworks/HIToolbox.framework/Versions/A/HIToolbox
0x00000000095ef000 	/System/Library/Frameworks/QuartzCore.framework/Versions/A/QuartzCore
0x00000000095ef000 	/System/Library/Frameworks/Carbon.framework/Versions/A/Frameworks/SpeechRecognition.framework/Versions/A/SpeechRecognition
0x00000000095ef000 	/usr/lib/libauto.dylib
0x00000000095ef000 	/usr/lib/libicucore.A.dylib
0x00000000095ef000 	/usr/lib/libxml2.2.dylib
0x00000000095ef000 	/System/Library/PrivateFrameworks/CoreUI.framework/Versions/A/CoreUI
0x00000000095ef000 	/System/Library/Frameworks/CoreAudio.framework/Versions/A/CoreAudio
0x00000000095ef000 	/System/Library/Frameworks/DiskArbitration.framework/Versions/A/DiskArbitration
0x00000000095ef000 	/usr/lib/liblangid.dylib
0x00000000095ef000 	/System/Library/PrivateFrameworks/MultitouchSupport.framework/Versions/A/MultitouchSupport
0x00000000095ef000 	/System/Library/Frameworks/IOKit.framework/Versions/A/IOKit
0x00000000095ef000 	/usr/lib/libDiagnosticMessagesClient.dylib
0x00000000095ef000 	/System/Library/Frameworks/CoreServices.framework/Versions/A/CoreServices
0x00000000095ef000 	/System/Library/PrivateFrameworks/PerformanceAnalysis.framework/Versions/A/PerformanceAnalysis
0x00000000095ef000 	/System/Library/PrivateFrameworks/GenerationalStorage.framework/Versions/A/GenerationalStorage
0x00000000095ef000 	/System/Library/Frameworks/OpenGL.framework/Versions/A/OpenGL
0x00000000095ef000 	/System/Library/PrivateFrameworks/Sharing.framework/Versions/A/Sharing
0x00000000095ef000 	/System/Library/Frameworks/CoreGraphics.framework/Versions/A/CoreGraphics
0x00000000095ef000 	/System/Library/Frameworks/CoreImage.framework/Versions/A/CoreImage
0x00000000095ef000 	/System/Library/Frameworks/CoreText.framework/Versions/A/CoreText
0x00000000095ef000 	/System/Library/Frameworks/ImageIO.framework/Versions/A/ImageIO
0x00000000095ef000 	/System/Library/PrivateFrameworks/Backup.framework/Versions/A/Backup
0x00000000095ef000 	/usr/lib/libextension.dylib
0x00000000095ef000 	/usr/lib/libarchive.2.dylib
0x00000000095ef000 	/System/Library/Frameworks/CFNetwork.framework/Versions/A/CFNetwork
0x00000000095ef000 	/System/Library/Frameworks/SystemConfiguration.framework/Versions/A/SystemConfiguration
0x00000000095ef000 	/usr/lib/libCRFSuite.dylib
0x00000000095ef000 	/usr/lib/libc++.1.dylib
0x00000000095ef000 	/usr/lib/libc++abi.dylib
0x00000000095ef000 	/usr/lib/system/libcache.dylib
0x00000000095ef000 	/usr/lib/system/libcommonCrypto.dylib
0x00000000095ef000 	/usr/lib/system/libcompiler_rt.dylib
0x00000000095ef000 	/usr/lib/system/libcopyfile.dylib
0x00000000095ef000 	/usr/lib/system/libcorecrypto.dylib
0x00000000095ef000 	/usr/lib/system/libdispatch.dylib
0x00000000095ef000 	/usr/lib/system/libdyld.dylib
0x00000000095ef000 	/usr/lib/system/libkeymgr.dylib
0x00000000095ef000 	/usr/lib/system/liblaunch.dylib
0x00000000095ef000 	/usr/lib/system/libmacho.dylib
0x00000000095ef000 	/usr/lib/system/libquarantine.dylib
0x00000000095ef000 	/usr/lib/system/libremovefile.dylib
0x00000000095ef000 	/usr/lib/system/libsystem_asl.dylib
0x00000000095ef000 	/usr/lib/system/libsystem_blocks.dylib
0x00000000095ef000 	/usr/lib/system/libsystem_c.dylib
0x00000000095ef000 	/usr/lib/system/libsystem_configuration.dylib
0x00000000095ef000 	/usr/lib/system/libsystem_coreservices.dylib
0x00000000095ef000 	/usr/lib/system/libsystem_coretls.dylib
0x00000000095ef000 	/usr/lib/system/libsystem_dnssd.dylib
0x00000000095ef000 	/usr/lib/system/libsystem_info.dylib
0x00000000095ef000 	/usr/lib/system/libsystem_kernel.dylib
0x00000000095ef000 	/usr/lib/system/libsystem_m.dylib
0x00000000095ef000 	/usr/lib/system/libsystem_malloc.dylib
0x00000000095ef000 	/usr/lib/system/libsystem_network.dylib
0x00000000095ef000 	/usr/lib/system/libsystem_networkextension.dylib
0x00000000095ef000 	/usr/lib/system/libsystem_notify.dylib
0x00000000095ef000 	/usr/lib/system/libsystem_platform.dylib
0x00000000095ef000 	/usr/lib/system/libsystem_pthread.dylib
0x00000000095ef000 	/usr/lib/system/libsystem_sandbox.dylib
0x00000000095ef000 	/usr/lib/system/libsystem_secinit.dylib
0x00000000095ef000 	/usr/lib/system/libsystem_trace.dylib
0x00000000095ef000 	/usr/lib/system/libunc.dylib
0x00000000095ef000 	/usr/lib/system/libunwind.dylib
0x00000000095ef000 	/usr/lib/system/libxpc.dylib
0x00000000095ef000 	/usr/lib/libenergytrace.dylib
0x00000000095ef000 	/usr/lib/libbsm.0.dylib
0x00000000095ef000 	/usr/lib/system/libkxld.dylib
0x00000000095ef000 	/usr/lib/libxar.1.dylib
0x00000000095ef000 	/usr/lib/libsqlite3.dylib
0x00000000095ef000 	/usr/lib/libpam.2.dylib
0x00000000095ef000 	/usr/lib/libOpenScriptingUtil.dylib
0x00000000095ef000 	/usr/lib/libbz2.1.0.dylib
0x00000000095ef000 	/usr/lib/liblzma.5.dylib
0x00000000095ef000 	/System/Library/Frameworks/CoreServices.framework/Versions/A/Frameworks/FSEvents.framework/Versions/A/FSEvents
0x00000000095ef000 	/System/Library/Frameworks/CoreServices.framework/Versions/A/Frameworks/CarbonCore.framework/Versions/A/CarbonCore
0x00000000095ef000 	/System/Library/Frameworks/CoreServices.framework/Versions/A/Frameworks/Metadata.framework/Versions/A/Metadata
0x00000000095ef000 	/System/Library/Frameworks/CoreServices.framework/Versions/A/Frameworks/OSServices.framework/Versions/A/OSServices
0x00000000095ef000 	/System/Library/Frameworks/CoreServices.framework/Versions/A/Frameworks/SearchKit.framework/Versions/A/SearchKit
0x00000000095ef000 	/System/Library/Frameworks/CoreServices.framework/Versions/A/Frameworks/AE.framework/Versions/A/AE
0x00000000095ef000 	/System/Library/Frameworks/CoreServices.framework/Versions/A/Frameworks/LaunchServices.framework/Versions/A/LaunchServices
0x00000000095ef000 	/System/Library/Frameworks/CoreServices.framework/Versions/A/Frameworks/DictionaryServices.framework/Versions/A/DictionaryServices
0x00000000095ef000 	/System/Library/Frameworks/CoreServices.framework/Versions/A/Frameworks/SharedFileList.framework/Versions/A/SharedFileList
0x00000000095ef000 	/System/Library/Frameworks/NetFS.framework/Versions/A/NetFS
0x00000000095ef000 	/System/Library/PrivateFrameworks/NetAuth.framework/Versions/A/NetAuth
0x00000000095ef000 	/System/Library/PrivateFrameworks/login.framework/Versions/A/Frameworks/loginsupport.framework/Versions/A/loginsupport
0x00000000095ef000 	/System/Library/PrivateFrameworks/TCC.framework/Versions/A/TCC
0x00000000095ef000 	/usr/lib/libmecabra.dylib
0x00000000095ef000 	/System/Library/Frameworks/ApplicationServices.framework/Versions/A/Frameworks/ATS.framework/Versions/A/ATS
0x00000000095ef000 	/System/Library/Frameworks/ApplicationServices.framework/Versions/A/Frameworks/ColorSync.framework/Versions/A/ColorSync
0x00000000095ef000 	/System/Library/Frameworks/ApplicationServices.framework/Versions/A/Frameworks/HIServices.framework/Versions/A/HIServices
0x00000000095ef000 	/System/Library/Frameworks/ApplicationServices.framework/Versions/A/Frameworks/LangAnalysis.framework/Versions/A/LangAnalysis
0x00000000095ef000 	/System/Library/Frameworks/ApplicationServices.framework/Versions/A/Frameworks/PrintCore.framework/Versions/A/PrintCore
0x00000000095ef000 	/System/Library/Frameworks/ApplicationServices.framework/Versions/A/Frameworks/QD.framework/Versions/A/QD
0x00000000095ef000 	/System/Library/Frameworks/ApplicationServices.framework/Versions/A/Frameworks/SpeechSynthesis.framework/Versions/A/SpeechSynthesis
0x00000000095ef000 	/System/Library/Frameworks/Metal.framework/Versions/A/Metal
0x00000000095ef000 	/System/Library/Frameworks/Accelerate.framework/Versions/A/Frameworks/vImage.framework/Versions/A/vImage
0x00000000095ef000 	/System/Library/Frameworks/Accelerate.framework/Versions/A/Frameworks/vecLib.framework/Versions/A/vecLib
0x00000000095ef000 	/System/Library/Frameworks/Accelerate.framework/Versions/A/Frameworks/vecLib.framework/Versions/A/libvDSP.dylib
0x00000000095ef000 	/System/Library/Frameworks/Accelerate.framework/Versions/A/Frameworks/vecLib.framework/Versions/A/libvMisc.dylib
0x00000000095ef000 	/System/Library/Frameworks/Accelerate.framework/Versions/A/Frameworks/vecLib.framework/Versions/A/libLAPACK.dylib
0x00000000095ef000 	/System/Library/Frameworks/Accelerate.framework/Versions/A/Frameworks/vecLib.framework/Versions/A/libBLAS.dylib
0x00000000095ef000 	/System/Library/Frameworks/Accelerate.framework/Versions/A/Frameworks/vecLib.framework/Versions/A/libLinearAlgebra.dylib
0x00000000095ef000 	/System/Library/Frameworks/Accelerate.framework/Versions/A/Frameworks/vecLib.framework/Versions/A/libSparseBLAS.dylib
0x00000000095ef000 	/System/Library/PrivateFrameworks/GPUCompiler.framework/libmetal_timestamp.dylib
0x00000000095ef000 	/System/Library/Frameworks/OpenGL.framework/Versions/A/Libraries/libCoreFSCache.dylib
0x00000000095ef000 	/System/Library/PrivateFrameworks/IOAccelerator.framework/Versions/A/IOAccelerator
0x00000000095ef000 	/System/Library/Frameworks/ApplicationServices.framework/Versions/A/Frameworks/ATS.framework/Versions/A/Resources/libFontParser.dylib
0x00000000095ef000 	/System/Library/Frameworks/ApplicationServices.framework/Versions/A/Frameworks/ATS.framework/Versions/A/Resources/libFontRegistry.dylib
0x00000000095ef000 	/System/Library/PrivateFrameworks/AppleVPA.framework/Versions/A/AppleVPA
0x00000000095ef000 	/System/Library/PrivateFrameworks/AppleJPEG.framework/Versions/A/AppleJPEG
0x00000000095ef000 	/System/Library/Frameworks/ImageIO.framework/Versions/A/Resources/libJPEG.dylib
0x00000000095ef000 	/System/Library/Frameworks/ImageIO.framework/Versions/A/Resources/libTIFF.dylib
0x00000000095ef000 	/System/Library/Frameworks/ImageIO.framework/Versions/A/Resources/libPng.dylib
0x00000000095ef000 	/System/Library/Frameworks/ImageIO.framework/Versions/A/Resources/libGIF.dylib
0x00000000095ef000 	/System/Library/Frameworks/ImageIO.framework/Versions/A/Resources/libJP2.dylib
0x00000000095ef000 	/System/Library/Frameworks/ImageIO.framework/Versions/A/Resources/libRadiance.dylib
0x00000000095ef000 	/System/Library/Frameworks/CoreVideo.framework/Versions/A/CoreVideo
0x00000000095ef000 	/System/Library/Frameworks/OpenGL.framework/Versions/A/Libraries/libGLU.dylib
0x00000000095ef000 	/System/Library/Frameworks/OpenGL.framework/Versions/A/Libraries/libGFXShared.dylib
0x00000000095ef000 	/System/Library/Frameworks/OpenGL.framework/Versions/A/Libraries/libGL.dylib
0x00000000095ef000 	/System/Library/Frameworks/OpenGL.framework/Versions/A/Libraries/libGLImage.dylib
0x00000000095ef000 	/System/Library/Frameworks/OpenGL.framework/Versions/A/Libraries/libCVMSPluginSupport.dylib
0x00000000095ef000 	/System/Library/Frameworks/OpenGL.framework/Versions/A/Libraries/libCoreVMClient.dylib
0x00000000095ef000 	/usr/lib/libcups.2.dylib
0x00000000095ef000 	/System/Library/Frameworks/Kerberos.framework/Versions/A/Kerberos
0x00000000095ef000 	/System/Library/Frameworks/GSS.framework/Versions/A/GSS
0x00000000095ef000 	/usr/lib/libresolv.9.dylib
0x00000000095ef000 	/usr/lib/libiconv.2.dylib
0x00000000095ef000 	/System/Library/PrivateFrameworks/Heimdal.framework/Versions/A/Heimdal
0x00000000095ef000 	/usr/lib/libheimdal-asn1.dylib
0x00000000095ef000 	/System/Library/Frameworks/OpenDirectory.framework/Versions/A/OpenDirectory
0x00000000095ef000 	/System/Library/PrivateFrameworks/CommonAuth.framework/Versions/A/CommonAuth
0x00000000095ef000 	/System/Library/Frameworks/OpenDirectory.framework/Versions/A/Frameworks/CFOpenDirectory.framework/Versions/A/CFOpenDirectory
0x00000000095ef000 	/System/Library/Frameworks/SecurityFoundation.framework/Versions/A/SecurityFoundation
0x00000000095ef000 	/System/Library/PrivateFrameworks/LanguageModeling.framework/Versions/A/LanguageModeling
0x00000000095ef000 	/usr/lib/libmarisa.dylib
0x00000000095ef000 	/usr/lib/libChineseTokenizer.dylib
0x00000000095ef000 	/usr/lib/libcmph.dylib
0x00000000095ef000 	/usr/lib/libcompression.dylib
0x00000000095ef000 	/System/Library/Frameworks/ServiceManagement.framework/Versions/A/ServiceManagement
0x00000000095ef000 	/usr/lib/libxslt.1.dylib
0x00000000095ef000 	/System/Library/Frameworks/Carbon.framework/Versions/A/Frameworks/Ink.framework/Versions/A/Ink
0x00000000095ef000 	/usr/lib/libFosl_dynamic.dylib
0x00000000095ef000 	/System/Library/PrivateFrameworks/FaceCore.framework/Versions/A/FaceCore
0x00000000095ef000 	/System/Library/Frameworks/OpenCL.framework/Versions/A/OpenCL
0x00000000095ef000 	/System/Library/PrivateFrameworks/CrashReporterSupport.framework/Versions/A/CrashReporterSupport
0x00000000095ef000 	/System/Library/PrivateFrameworks/IconServices.framework/Versions/A/IconServices
0x00000000095ef000 	/System/Library/PrivateFrameworks/Apple80211.framework/Versions/A/Apple80211
0x00000000095ef000 	/System/Library/Frameworks/CoreWLAN.framework/Versions/A/CoreWLAN
0x00000000095ef000 	/System/Library/Frameworks/IOBluetooth.framework/Versions/A/IOBluetooth
0x00000000095ef000 	/System/Library/PrivateFrameworks/CoreWiFi.framework/Versions/A/CoreWiFi
0x00000000095ef000 	/System/Library/Frameworks/CoreBluetooth.framework/Versions/A/CoreBluetooth
0x00000000095ef000 	/System/Library/PrivateFrameworks/ChunkingLibrary.framework/Versions/A/ChunkingLibrary
0x00000000095ef000 	/System/Library/PrivateFrameworks/DebugSymbols.framework/Versions/A/DebugSymbols
0x00000000095ef000 	/System/Library/PrivateFrameworks/CoreSymbolication.framework/Versions/A/CoreSymbolication
0x00000000095ef000 	/System/Library/PrivateFrameworks/Symbolication.framework/Versions/A/Symbolication
0x00000000095ef000 	/System/Library/PrivateFrameworks/SpeechRecognitionCore.framework/Versions/A/SpeechRecognitionCore
0x000000010a717000 	/Library/Java/JavaVirtualMachines/jdk1.8.0_60.jdk/Contents/Home/jre/lib/server/libjvm.dylib
0x00000000095ef000 	/usr/lib/libstdc++.6.dylib
0x000000010b6a0000 	/Library/Java/JavaVirtualMachines/jdk1.8.0_60.jdk/Contents/Home/jre/lib/libverify.dylib
0x000000010b6ae000 	/Library/Java/JavaVirtualMachines/jdk1.8.0_60.jdk/Contents/Home/jre/lib/libjava.dylib
0x000000010b6ed000 	/Library/Java/JavaVirtualMachines/jdk1.8.0_60.jdk/Contents/Home/jre/lib/libzip.dylib
0x000000011a7e3000 	/System/Library/Frameworks/JavaVM.framework/Frameworks/JavaRuntimeSupport.framework/JavaRuntimeSupport
0x000000011f311000 	/System/Library/Frameworks/JavaVM.framework/Versions/A/Frameworks/JavaNativeFoundation.framework/Versions/A/JavaNativeFoundation
0x000000011f326000 	/System/Library/Frameworks/JavaVM.framework/Versions/A/JavaVM
0x00000000095ef000 	/System/Library/Frameworks/Carbon.framework/Versions/A/Carbon
0x000000011f333000 	/System/Library/PrivateFrameworks/JavaLaunching.framework/Versions/A/JavaLaunching
0x00000000095ef000 	/System/Library/Frameworks/Carbon.framework/Versions/A/Frameworks/CommonPanels.framework/Versions/A/CommonPanels
0x00000000095ef000 	/System/Library/Frameworks/Carbon.framework/Versions/A/Frameworks/Help.framework/Versions/A/Help
0x00000000095ef000 	/System/Library/Frameworks/Carbon.framework/Versions/A/Frameworks/ImageCapture.framework/Versions/A/ImageCapture
0x00000000095ef000 	/System/Library/Frameworks/Carbon.framework/Versions/A/Frameworks/OpenScripting.framework/Versions/A/OpenScripting
0x00000000095ef000 	/System/Library/Frameworks/Carbon.framework/Versions/A/Frameworks/Print.framework/Versions/A/Print
0x00000000095ef000 	/System/Library/Frameworks/Carbon.framework/Versions/A/Frameworks/SecurityHI.framework/Versions/A/SecurityHI

VM Arguments:
jvm_args: -Djava.awt.headless=true -Xmx1024M -Dfile.encoding=UTF-8 -Duser.country=US -Duser.language=en -Duser.variant 
java_command: com.android.dx.command.Main --dex --num-threads=4 --output /Users/fi8er1/AndroidStudioProjects/bus-service/app/build/intermediates/pre-dexed/debug/com.google.android.gms-play-services-ads-8.3.0_6b2cb88a1b5fbf9e44327f28616ced913cded4fe.jar /Users/fi8er1/AndroidStudioProjects/bus-service/app/build/intermediates/exploded-aar/com.google.android.gms/play-services-ads/8.3.0/jars/classes.jar
java_class_path (initial): /Users/fi8er1/Library/Android/sdk/build-tools/23.0.1/lib/dx.jar
Launcher Type: SUN_STANDARD

Environment Variables:
PATH=/usr/bin:/bin:/usr/sbin:/sbin
SHELL=/bin/bash
DISPLAY=/private/tmp/com.apple.launchd.OXVFn9D2zB/org.macosforge.xquartz:0

Signal Handlers:
SIGSEGV: [libjvm.dylib+0x5a6d31], sa_mask[0]=11111111011111110111111111111111, sa_flags=SA_ONSTACK|SA_RESTART|SA_SIGINFO
SIGBUS: [libjvm.dylib+0x5a6d31], sa_mask[0]=11111111011111110111111111111111, sa_flags=SA_RESTART|SA_SIGINFO
SIGFPE: [libjvm.dylib+0x480a4c], sa_mask[0]=11111111011111110111111111111111, sa_flags=SA_RESTART|SA_SIGINFO
SIGPIPE: [libjvm.dylib+0x480a4c], sa_mask[0]=11111111011111110111111111111111, sa_flags=SA_RESTART|SA_SIGINFO
SIGXFSZ: [libjvm.dylib+0x480a4c], sa_mask[0]=11111111011111110111111111111111, sa_flags=SA_RESTART|SA_SIGINFO
SIGILL: [libjvm.dylib+0x480a4c], sa_mask[0]=11111111011111110111111111111111, sa_flags=SA_RESTART|SA_SIGINFO
SIGUSR1: SIG_DFL, sa_mask[0]=00000000000000000000000000000000, sa_flags=none
SIGUSR2: [libjvm.dylib+0x48056a], sa_mask[0]=00100000000000000000000000000000, sa_flags=SA_RESTART|SA_SIGINFO
SIGHUP: [libjvm.dylib+0x47eb41], sa_mask[0]=11111111011111110111111111111111, sa_flags=SA_RESTART|SA_SIGINFO
SIGINT: [libjvm.dylib+0x47eb41], sa_mask[0]=11111111011111110111111111111111, sa_flags=SA_RESTART|SA_SIGINFO
SIGTERM: [libjvm.dylib+0x47eb41], sa_mask[0]=11111111011111110111111111111111, sa_flags=SA_RESTART|SA_SIGINFO
SIGQUIT: [libjvm.dylib+0x47eb41], sa_mask[0]=11111111011111110111111111111111, sa_flags=SA_RESTART|SA_SIGINFO


---------------  S Y S T E M  ---------------

OS:Bsduname:Darwin 15.3.0 Darwin Kernel Version 15.3.0: Thu Dec 10 18:40:58 PST 2015; root:xnu-3248.30.4~1/RELEASE_X86_64 x86_64
rlimit: STACK 8192k, CORE 0k, NPROC 709, NOFILE 10240, AS infinity
load average:29.65 9.90 5.22

CPU:total 4 (2 cores per cpu, 2 threads per core) family 6 model 69 stepping 1, cmov, cx8, fxsr, mmx, sse, sse2, sse3, ssse3, sse4.1, sse4.2, popcnt, avx, avx2, aes, clmul, erms, lzcnt, ht, tsc, tscinvbit, bmi1, bmi2

Memory: 4k page, physical 4194304k(18384k free)

/proc/meminfo:


vm_info: Java HotSpot(TM) 64-Bit Server VM (25.60-b23) for bsd-amd64 JRE (1.8.0_60-b27), built on Aug  4 2015 10:47:24 by "java_re" with gcc 4.2.1 (Based on Apple Inc. build 5658) (LLVM build 2336.11.00)

time: Thu Mar 24 18:14:07 2016
elapsed time: 33 seconds (0d 0h 0m 33s)

