#
# A fatal error has been detected by the Java Runtime Environment:
#
#  SIGSEGV (0xb) at pc=0x000000010814a70f, pid=3358, tid=20231
#
# JRE version: Java(TM) SE Runtime Environment (8.0_60-b27) (build 1.8.0_60-b27)
# Java VM: Java HotSpot(TM) 64-Bit Server VM (25.60-b23 mixed mode bsd-amd64 compressed oops)
# Problematic frame:
# V  [libjvm.dylib+0x3ab70f]  Klass::external_name() const+0x1d
#
# Failed to write core dump. Core dumps have been disabled. To enable core dumping, try "ulimit -c unlimited" before starting Java again
#
# If you would like to submit a bug report, please visit:
#   http://bugreport.java.com/bugreport/crash.jsp
#

---------------  T H R E A D  ---------------

Current thread (0x00007f9cac84f800):  JavaThread "pool-1-thread-1" [_thread_in_vm, id=20231, stack(0x000070000104a000,0x000070000114a000)]

siginfo: si_signo: 11 (SIGSEGV), si_code: 1 (SEGV_MAPERR), si_addr: 0x0000000000000070

Registers:
RAX=0xed00c9c0e4308b07, RBX=0x00007f9cac84f800, RCX=0x00007f9cabe0ea03, RDX=0x0000000000000000
RSP=0x0000700001149040, RBP=0x0000700001149090, RSI=0x00000007b44318c0, RDI=0x0000000000000068
R8 =0x0000000000000006, R9 =0x000000078051c358, R10=0x00000007b44314e0, R11=0x00000007b44314c0
R12=0x0000000000000000, R13=0x0000700001149430, R14=0x0000000000000000, R15=0x00007f9cac84f800
RIP=0x000000010814a70f, EFLAGS=0x0000000000010202, ERR=0x0000000000000004
  TRAPNO=0x000000000000000e

Top of Stack: (sp=0x0000700001149040)
0x0000700001149040:   0000000000000000 0000000000000000
0x0000700001149050:   0000000000364ea8 00000007b3c7e408
0x0000700001149060:   0000700001149480 ed00c9c0e4308b07
0x0000700001149070:   00007f9cac84f800 0000000000000000
0x0000700001149080:   0000000000000000 00007f9cac84f800
0x0000700001149090:   00007000011490e0 0000000107ee02ab
0x00007000011490a0:   00007f9cabd44070 00007f9cabe0e670
0x00007000011490b0:   00007f9cabe0e680 00007f9cabe0ea58
0x00007000011490c0:   00000000000003d8 00007f9cac84f800
0x00007000011490d0:   00007f9cac84f800 00000007c0081220
0x00007000011490e0:   00007000011492c0 00000001096fc59e
0x00007000011490f0:   0000700001149480 004900730065006d
0x0000700001149100:   00000000f67b71ac 00000000f67b71ac
0x0000700001149110:   0065006d00610067 494b4341504e5520
0x0000700001149120:   0000000000000000 0000000000000000
0x0000700001149130:   0000000000000000 0000000000000000
0x0000700001149140:   0000000000000000 0000000000000000
0x0000700001149150:   0000000000000000 0000000000000000
0x0000700001149160:   0000000000000000 0000000000000000
0x0000700001149170:   0000000000000000 0000000109a97184
0x0000700001149180:   0000700001149480 00000001099f6d94
0x0000700001149190:   0000700001149480 00000001099a29fc
0x00007000011491a0:   1f624bcea5164471 0000000000000000
0x00007000011491b0:   0000700001149480 0000000109c3d5d4
0x00007000011491c0:   00000007b07ecaf0 00000007b3a8ad90
0x00007000011491d0:   0000700001149480 0000000109a9a00c
0x00007000011491e0:   0000700001149480 0000000109bd2ca4
0x00007000011491f0:   0000000000000000 0000000000000000
0x0000700001149200:   00007f9cac84f800 0000000000000000
0x0000700001149210:   0000700001149430 00000007b0914948
0x0000700001149220:   000000078051c358 00000007b3c28b78
0x0000700001149230:   00000007805105f0 00000007b3a8ad90 

Instructions: (pc=0x000000010814a70f)
0x000000010814a6ef:   f5 17 00 55 48 89 e5 41 57 41 56 41 54 53 48 83
0x000000010814a6ff:   ec 30 48 8b 05 40 4b 45 00 48 8b 00 48 89 45 d8
0x000000010814a70f:   83 7f 08 00 48 89 fb 0f 8e c3 00 00 00 0f b7 83
0x000000010814a71f:   0e 01 00 00 a8 08 0f 84 b4 00 00 00 48 8b 7b 68 

Register to memory mapping:

RAX=0xed00c9c0e4308b07 is an unknown value
RBX=0x00007f9cac84f800 is a thread
RCX=0x00007f9cabe0ea03 is an unknown value
RDX=0x0000000000000000 is an unknown value
RSP=0x0000700001149040 is pointing into the stack for thread: 0x00007f9cac84f800
RBP=0x0000700001149090 is pointing into the stack for thread: 0x00007f9cac84f800
RSI=0x00000007b44318c0 is an oop

[error occurred during error reporting (printing register info), id 0xb]

Stack: [0x000070000104a000,0x000070000114a000],  sp=0x0000700001149040,  free space=1020k
Native frames: (J=compiled Java code, j=interpreted, Vv=VM code, C=native code)
V  [libjvm.dylib+0x3ab70f]  Klass::external_name() const+0x1d
V  [libjvm.dylib+0x1412ab]  Runtime1::throw_class_cast_exception(JavaThread*, oopDesc*)+0x73
v  ~RuntimeStub::throw_class_cast_exception Runtime1 stub
J 2250 C1 com.android.dx.dex.code.StdCatchBuilder.hasAnyCatches()Z (57 bytes) @ 0x0000000109c301aa [0x0000000109c2ffc0+0x1ea]
J 2258 C1 com.android.dx.dex.file.CodeItem.addContents(Lcom/android/dx/dex/file/DexFile;)V (174 bytes) @ 0x0000000109c33064 [0x0000000109c32e80+0x1e4]
j  com.android.dx.dex.file.MixedItemSection.prepare0()V+44
j  com.android.dx.dex.file.Section.prepare()V+5
j  com.android.dx.dex.file.DexFile.toDex0(ZZ)Lcom/android/dx/util/ByteArrayAnnotatedOutput;+18
j  com.android.dx.dex.file.DexFile.toDex(Ljava/io/Writer;Z)[B+13
j  com.android.dx.command.dexer.Main.writeDex(Lcom/android/dx/dex/file/DexFile;)[B+44
j  com.android.dx.command.dexer.Main.access$3000(Lcom/android/dx/dex/file/DexFile;)[B+1
j  com.android.dx.command.dexer.Main$DexWriter.call()[B+4
j  com.android.dx.command.dexer.Main$DexWriter.call()Ljava/lang/Object;+1
j  java.util.concurrent.FutureTask.run()V+42
j  java.util.concurrent.ThreadPoolExecutor.runWorker(Ljava/util/concurrent/ThreadPoolExecutor$Worker;)V+95
j  java.util.concurrent.ThreadPoolExecutor$Worker.run()V+5
j  java.lang.Thread.run()V+11
v  ~StubRoutines::call_stub
V  [libjvm.dylib+0x2eab0e]  JavaCalls::call_helper(JavaValue*, methodHandle*, JavaCallArguments*, Thread*)+0x6ae
V  [libjvm.dylib+0x2eb29c]  JavaCalls::call_virtual(JavaValue*, KlassHandle, Symbol*, Symbol*, JavaCallArguments*, Thread*)+0x164
V  [libjvm.dylib+0x2eb448]  JavaCalls::call_virtual(JavaValue*, Handle, KlassHandle, Symbol*, Symbol*, Thread*)+0x4a
V  [libjvm.dylib+0x345965]  thread_entry(JavaThread*, Thread*)+0x7c
V  [libjvm.dylib+0x5612d3]  JavaThread::thread_main_inner()+0x9b
V  [libjvm.dylib+0x5629ce]  JavaThread::run()+0x1c2
V  [libjvm.dylib+0x48343a]  java_start(Thread*)+0xf6
C  [libsystem_pthread.dylib+0x399d]  _pthread_body+0x83
C  [libsystem_pthread.dylib+0x391a]  _pthread_body+0x0
C  [libsystem_pthread.dylib+0x1351]  thread_start+0xd
C  0x0000000000000000

Java frames: (J=compiled Java code, j=interpreted, Vv=VM code)
v  ~RuntimeStub::throw_class_cast_exception Runtime1 stub
J 2250 C1 com.android.dx.dex.code.StdCatchBuilder.hasAnyCatches()Z (57 bytes) @ 0x0000000109c301aa [0x0000000109c2ffc0+0x1ea]
J 2258 C1 com.android.dx.dex.file.CodeItem.addContents(Lcom/android/dx/dex/file/DexFile;)V (174 bytes) @ 0x0000000109c33064 [0x0000000109c32e80+0x1e4]
j  com.android.dx.dex.file.MixedItemSection.prepare0()V+44
j  com.android.dx.dex.file.Section.prepare()V+5
j  com.android.dx.dex.file.DexFile.toDex0(ZZ)Lcom/android/dx/util/ByteArrayAnnotatedOutput;+18
j  com.android.dx.dex.file.DexFile.toDex(Ljava/io/Writer;Z)[B+13
j  com.android.dx.command.dexer.Main.writeDex(Lcom/android/dx/dex/file/DexFile;)[B+44
j  com.android.dx.command.dexer.Main.access$3000(Lcom/android/dx/dex/file/DexFile;)[B+1
j  com.android.dx.command.dexer.Main$DexWriter.call()[B+4
j  com.android.dx.command.dexer.Main$DexWriter.call()Ljava/lang/Object;+1
j  java.util.concurrent.FutureTask.run()V+42
j  java.util.concurrent.ThreadPoolExecutor.runWorker(Ljava/util/concurrent/ThreadPoolExecutor$Worker;)V+95
j  java.util.concurrent.ThreadPoolExecutor$Worker.run()V+5
j  java.lang.Thread.run()V+11
v  ~StubRoutines::call_stub

---------------  P R O C E S S  ---------------

Java Threads: ( => current thread )
=>0x00007f9cac84f800 JavaThread "pool-1-thread-1" [_thread_in_vm, id=20231, stack(0x000070000104a000,0x000070000114a000)]
  0x00007f9cac82f000 JavaThread "Service Thread" daemon [_thread_blocked, id=18691, stack(0x0000700000e44000,0x0000700000f44000)]
  0x00007f9cac082000 JavaThread "C1 CompilerThread2" daemon [_thread_blocked, id=18179, stack(0x0000700000d41000,0x0000700000e41000)]
  0x00007f9cac00a000 JavaThread "C2 CompilerThread1" daemon [_thread_in_vm, id=17667, stack(0x0000700000c3e000,0x0000700000d3e000)]
  0x00007f9cad008000 JavaThread "C2 CompilerThread0" daemon [_thread_in_native, id=17155, stack(0x0000700000b3b000,0x0000700000c3b000)]
  0x00007f9cac027000 JavaThread "Signal Dispatcher" daemon [_thread_blocked, id=13839, stack(0x0000700000a38000,0x0000700000b38000)]
  0x00007f9cad013000 JavaThread "Finalizer" daemon [_thread_blocked, id=12291, stack(0x000070000082f000,0x000070000092f000)]
  0x00007f9cad012000 JavaThread "Reference Handler" daemon [_thread_blocked, id=11779, stack(0x000070000072c000,0x000070000082c000)]
  0x00007f9cac00a800 JavaThread "main" [_thread_blocked, id=5891, stack(0x000070000011a000,0x000070000021a000)]

Other Threads:
  0x00007f9cad816800 VMThread [stack: 0x0000700000629000,0x0000700000729000] [id=11267]
  0x00007f9cac025800 WatcherThread [stack: 0x0000700000f47000,0x0000700001047000] [id=19203]

VM state:not at safepoint (normal execution)

VM Mutex/Monitor currently owned by a thread:  ([mutex/lock_event])
[0x00007f9cabf01c40] CodeCache_lock - owner thread: 0x00007f9cac00a000
[0x00007f9cabf032c0] Compile_lock - owner thread: 0x00007f9cac00a000
[0x00007f9cabf033c0] MethodCompileQueue_lock - owner thread: 0x00007f9cac00a000

Heap:
 PSYoungGen      total 144896K, used 111076K [0x00000007aab00000, 0x00000007b4e00000, 0x00000007c0000000)
  eden space 129024K, 74% used [0x00000007aab00000,0x00000007b0953328,0x00000007b2900000)
  from space 15872K, 91% used [0x00000007b3a80000,0x00000007b48a5e58,0x00000007b4a00000)
  to   space 17920K, 0% used [0x00000007b2900000,0x00000007b2900000,0x00000007b3a80000)
 ParOldGen       total 44032K, used 28418K [0x0000000780000000, 0x0000000782b00000, 0x00000007aab00000)
  object space 44032K, 64% used [0x0000000780000000,0x0000000781bc0950,0x0000000782b00000)
 Metaspace       used 6101K, capacity 7088K, committed 7296K, reserved 1056768K
  class space    used 590K, capacity 616K, committed 640K, reserved 1048576K

Card table byte_map: [0x00000001189c0000,0x0000000118bc1000] byte_map_base: 0x0000000114dc0000

Marking Bits: (ParMarkBitMap*) 0x000000010867de20
 Begin Bits: [0x0000000118d17000, 0x0000000119d17000)
 End Bits:   [0x0000000119d17000, 0x000000011ad17000)

Polling page: 0x0000000108d6f000

CodeCache: size=245760Kb used=6428Kb max_used=6428Kb free=239331Kb
 bounds [0x0000000109600000, 0x0000000109c50000, 0x0000000118600000]
 total_blobs=1905 nmethods=1634 adapters=182
 compilation: enabled

Compilation events (10 events):
Event: 9.214 Thread 0x00007f9cac082000 2271 %     3       com.android.dx.dex.code.StdCatchBuilder::hasAnyCatches @ 15 (57 bytes)
Event: 9.215 Thread 0x00007f9cac082000 nmethod 2271% 0x0000000109c385d0 code [0x0000000109c387e0, 0x0000000109c39558]
Event: 9.215 Thread 0x00007f9cac082000 2272  s    2       com.android.dx.dex.file.TypeIdsSection::intern (62 bytes)
Event: 9.216 Thread 0x00007f9cac082000 nmethod 2272 0x0000000109c39ad0 code [0x0000000109c39ca0, 0x0000000109c3a2c8]
Event: 9.236 Thread 0x00007f9cac082000 2273 %     3       java.util.HashMap$HashIterator::<init> @ 48 (79 bytes)
Event: 9.237 Thread 0x00007f9cac082000 nmethod 2273% 0x0000000109c3a650 code [0x0000000109c3a7e0, 0x0000000109c3abb0]
Event: 9.249 Thread 0x00007f9cac082000 2274 %     3       com.android.dx.dex.code.OutputFinisher::addConstants @ 47 (93 bytes)
Event: 9.251 Thread 0x00007f9cac082000 nmethod 2274% 0x0000000109c3ad50 code [0x0000000109c3afa0, 0x0000000109c3c1f8]
Event: 9.253 Thread 0x00007f9cac082000 2275       3       com.android.dx.dex.code.OutputFinisher::addConstants (93 bytes)
Event: 9.254 Thread 0x00007f9cac082000 nmethod 2275 0x0000000109c3c890 code [0x0000000109c3cae0, 0x0000000109c3dc78]

GC Heap History (10 events):
Event: 2.668 GC heap before
{Heap before GC invocations=2 (full 0):
 PSYoungGen      total 18944K, used 18922K [0x00000007aab00000, 0x00000007ad000000, 0x00000007c0000000)
  eden space 16384K, 100% used [0x00000007aab00000,0x00000007abb00000,0x00000007abb00000)
  from space 2560K, 99% used [0x00000007abb00000,0x00000007abd7aa90,0x00000007abd80000)
  to   space 2560K, 0% used [0x00000007acd80000,0x00000007acd80000,0x00000007ad000000)
 ParOldGen       total 44032K, used 1953K [0x0000000780000000, 0x0000000782b00000, 0x00000007aab00000)
  object space 44032K, 4% used [0x0000000780000000,0x00000007801e8730,0x0000000782b00000)
 Metaspace       used 5672K, capacity 6768K, committed 7040K, reserved 1056768K
  class space    used 579K, capacity 616K, committed 640K, reserved 1048576K
Event: 2.689 GC heap after
Heap after GC invocations=2 (full 0):
 PSYoungGen      total 35328K, used 2554K [0x00000007aab00000, 0x00000007ad000000, 0x00000007c0000000)
  eden space 32768K, 0% used [0x00000007aab00000,0x00000007aab00000,0x00000007acb00000)
  from space 2560K, 99% used [0x00000007acd80000,0x00000007acffeab0,0x00000007ad000000)
  to   space 2560K, 0% used [0x00000007acb00000,0x00000007acb00000,0x00000007acd80000)
 ParOldGen       total 44032K, used 4123K [0x0000000780000000, 0x0000000782b00000, 0x00000007aab00000)
  object space 44032K, 9% used [0x0000000780000000,0x0000000780406f70,0x0000000782b00000)
 Metaspace       used 5672K, capacity 6768K, committed 7040K, reserved 1056768K
  class space    used 579K, capacity 616K, committed 640K, reserved 1048576K
}
Event: 3.656 GC heap before
{Heap before GC invocations=3 (full 0):
 PSYoungGen      total 35328K, used 35322K [0x00000007aab00000, 0x00000007ad000000, 0x00000007c0000000)
  eden space 32768K, 100% used [0x00000007aab00000,0x00000007acb00000,0x00000007acb00000)
  from space 2560K, 99% used [0x00000007acd80000,0x00000007acffeab0,0x00000007ad000000)
  to   space 2560K, 0% used [0x00000007acb00000,0x00000007acb00000,0x00000007acd80000)
 ParOldGen       total 44032K, used 4123K [0x0000000780000000, 0x0000000782b00000, 0x00000007aab00000)
  object space 44032K, 9% used [0x0000000780000000,0x0000000780406f70,0x0000000782b00000)
 Metaspace       used 5713K, capacity 6768K, committed 7040K, reserved 1056768K
  class space    used 582K, capacity 616K, committed 640K, reserved 1048576K
Event: 3.693 GC heap after
Heap after GC invocations=3 (full 0):
 PSYoungGen      total 35328K, used 2528K [0x00000007aab00000, 0x00000007af000000, 0x00000007c0000000)
  eden space 32768K, 0% used [0x00000007aab00000,0x00000007aab00000,0x00000007acb00000)
  from space 2560K, 98% used [0x00000007acb00000,0x00000007acd78010,0x00000007acd80000)
  to   space 2560K, 0% used [0x00000007aed80000,0x00000007aed80000,0x00000007af000000)
 ParOldGen       total 44032K, used 8506K [0x0000000780000000, 0x0000000782b00000, 0x00000007aab00000)
  object space 44032K, 19% used [0x0000000780000000,0x000000078084e888,0x0000000782b00000)
 Metaspace       used 5713K, capacity 6768K, committed 7040K, reserved 1056768K
  class space    used 582K, capacity 616K, committed 640K, reserved 1048576K
}
Event: 4.677 GC heap before
{Heap before GC invocations=4 (full 0):
 PSYoungGen      total 35328K, used 35296K [0x00000007aab00000, 0x00000007af000000, 0x00000007c0000000)
  eden space 32768K, 100% used [0x00000007aab00000,0x00000007acb00000,0x00000007acb00000)
  from space 2560K, 98% used [0x00000007acb00000,0x00000007acd78010,0x00000007acd80000)
  to   space 2560K, 0% used [0x00000007aed80000,0x00000007aed80000,0x00000007af000000)
 ParOldGen       total 44032K, used 8506K [0x0000000780000000, 0x0000000782b00000, 0x00000007aab00000)
  object space 44032K, 19% used [0x0000000780000000,0x000000078084e888,0x0000000782b00000)
 Metaspace       used 5807K, capacity 6896K, committed 7040K, reserved 1056768K
  class space    used 582K, capacity 616K, committed 640K, reserved 1048576K
Event: 4.717 GC heap after
Heap after GC invocations=4 (full 0):
 PSYoungGen      total 68096K, used 2528K [0x00000007aab00000, 0x00000007af000000, 0x00000007c0000000)
  eden space 65536K, 0% used [0x00000007aab00000,0x00000007aab00000,0x00000007aeb00000)
  from space 2560K, 98% used [0x00000007aed80000,0x00000007aeff8010,0x00000007af000000)
  to   space 2560K, 0% used [0x00000007aeb00000,0x00000007aeb00000,0x00000007aed80000)
 ParOldGen       total 44032K, used 15417K [0x0000000780000000, 0x0000000782b00000, 0x00000007aab00000)
  object space 44032K, 35% used [0x0000000780000000,0x0000000780f0e688,0x0000000782b00000)
 Metaspace       used 5807K, capacity 6896K, committed 7040K, reserved 1056768K
  class space    used 582K, capacity 616K, committed 640K, reserved 1048576K
}
Event: 5.863 GC heap before
{Heap before GC invocations=5 (full 0):
 PSYoungGen      total 68096K, used 68064K [0x00000007aab00000, 0x00000007af000000, 0x00000007c0000000)
  eden space 65536K, 100% used [0x00000007aab00000,0x00000007aeb00000,0x00000007aeb00000)
  from space 2560K, 98% used [0x00000007aed80000,0x00000007aeff8010,0x00000007af000000)
  to   space 2560K, 0% used [0x00000007aeb00000,0x00000007aeb00000,0x00000007aed80000)
 ParOldGen       total 44032K, used 15417K [0x0000000780000000, 0x0000000782b00000, 0x00000007aab00000)
  object space 44032K, 35% used [0x0000000780000000,0x0000000780f0e688,0x0000000782b00000)
 Metaspace       used 5884K, capacity 6960K, committed 7040K, reserved 1056768K
  class space    used 583K, capacity 616K, committed 640K, reserved 1048576K
Event: 5.910 GC heap after
Heap after GC invocations=5 (full 0):
 PSYoungGen      total 68096K, used 2546K [0x00000007aab00000, 0x00000007b4a00000, 0x00000007c0000000)
  eden space 65536K, 0% used [0x00000007aab00000,0x00000007aab00000,0x00000007aeb00000)
  from space 2560K, 99% used [0x00000007aeb00000,0x00000007aed7c820,0x00000007aed80000)
  to   space 15872K, 0% used [0x00000007b3a80000,0x00000007b3a80000,0x00000007b4a00000)
 ParOldGen       total 44032K, used 28418K [0x0000000780000000, 0x0000000782b00000, 0x00000007aab00000)
  object space 44032K, 64% used [0x0000000780000000,0x0000000781bc0950,0x0000000782b00000)
 Metaspace       used 5884K, capacity 6960K, committed 7040K, reserved 1056768K
  class space    used 583K, capacity 616K, committed 640K, reserved 1048576K
}
Event: 6.893 GC heap before
{Heap before GC invocations=6 (full 0):
 PSYoungGen      total 68096K, used 68082K [0x00000007aab00000, 0x00000007b4a00000, 0x00000007c0000000)
  eden space 65536K, 100% used [0x00000007aab00000,0x00000007aeb00000,0x00000007aeb00000)
  from space 2560K, 99% used [0x00000007aeb00000,0x00000007aed7c820,0x00000007aed80000)
  to   space 15872K, 0% used [0x00000007b3a80000,0x00000007b3a80000,0x00000007b4a00000)
 ParOldGen       total 44032K, used 28418K [0x0000000780000000, 0x0000000782b00000, 0x00000007aab00000)
  object space 44032K, 64% used [0x0000000780000000,0x0000000781bc0950,0x0000000782b00000)
 Metaspace       used 5915K, capacity 6960K, committed 7040K, reserved 1056768K
  class space    used 583K, capacity 616K, committed 640K, reserved 1048576K
Event: 6.949 GC heap after
Heap after GC invocations=6 (full 0):
 PSYoungGen      total 144896K, used 14487K [0x00000007aab00000, 0x00000007b4e00000, 0x00000007c0000000)
  eden space 129024K, 0% used [0x00000007aab00000,0x00000007aab00000,0x00000007b2900000)
  from space 15872K, 91% used [0x00000007b3a80000,0x00000007b48a5e58,0x00000007b4a00000)
  to   space 17920K, 0% used [0x00000007b2900000,0x00000007b2900000,0x00000007b3a80000)
 ParOldGen       total 44032K, used 28418K [0x0000000780000000, 0x0000000782b00000, 0x00000007aab00000)
  object space 44032K, 64% used [0x0000000780000000,0x0000000781bc0950,0x0000000782b00000)
 Metaspace       used 5915K, capacity 6960K, committed 7040K, reserved 1056768K
  class space    used 583K, capacity 616K, committed 640K, reserved 1048576K
}

Deoptimization events (10 events):
Event: 2.715 Thread 0x00007f9cac08b000 Uncommon trap: reason=unstable_if action=reinterpret pc=0x00000001097f3340 method=java.util.BitSet.ensureCapacity(I)V @ 6
Event: 5.916 Thread 0x00007f9cac00a800 Uncommon trap: reason=null_check action=make_not_entrant pc=0x00000001098bca08 method=com.android.dx.ssa.SsaRenamer.getLocalForNewReg(I)Lcom/android/dx/rop/code/LocalItem; @ 19
Event: 5.920 Thread 0x00007f9cad85a800 Uncommon trap: reason=null_check action=make_not_entrant pc=0x00000001098bca08 method=com.android.dx.ssa.SsaRenamer.getLocalForNewReg(I)Lcom/android/dx/rop/code/LocalItem; @ 19
Event: 8.729 Thread 0x00007f9cac84f800 Uncommon trap: reason=class_check action=maybe_recompile pc=0x0000000109ba72e0 method=java.util.Arrays.hashCode([Ljava/lang/Object;)I @ 43
Event: 8.729 Thread 0x00007f9cac84f800 Uncommon trap: reason=class_check action=maybe_recompile pc=0x0000000109ba72e0 method=java.util.Arrays.hashCode([Ljava/lang/Object;)I @ 43
Event: 8.729 Thread 0x00007f9cac84f800 Uncommon trap: reason=class_check action=maybe_recompile pc=0x0000000109ba72e0 method=java.util.Arrays.hashCode([Ljava/lang/Object;)I @ 43
Event: 8.729 Thread 0x00007f9cac84f800 Uncommon trap: reason=class_check action=maybe_recompile pc=0x0000000109ba72e0 method=java.util.Arrays.hashCode([Ljava/lang/Object;)I @ 43
Event: 8.730 Thread 0x00007f9cac84f800 Uncommon trap: reason=unstable_if action=reinterpret pc=0x00000001097be68c method=java.lang.String.replace(CC)Ljava/lang/String; @ 26
Event: 8.730 Thread 0x00007f9cac84f800 Uncommon trap: reason=class_check action=maybe_recompile pc=0x0000000109a7c2b4 method=java.util.Arrays.hashCode([Ljava/lang/Object;)I @ 43
Event: 9.031 Thread 0x00007f9cac84f800 Uncommon trap: reason=unstable_if action=reinterpret pc=0x00000001099e7320 method=java.util.HashMap.putVal(ILjava/lang/Object;Ljava/lang/Object;ZZ)Ljava/lang/Object; @ 94

Internal exceptions (4 events):
Event: 0.074 Thread 0x00007f9cac00a800 Exception <a 'java/lang/NoSuchMethodError': Method sun.misc.Unsafe.defineClass(Ljava/lang/String;[BII)Ljava/lang/Class; name or signature does not match> (0x00000007aab12f10) thrown at [/Users/java_re/workspace/8-2-build-macosx-x86_64/jdk8u60/4407/hotspot
Event: 0.074 Thread 0x00007f9cac00a800 Exception <a 'java/lang/NoSuchMethodError': Method sun.misc.Unsafe.prefetchRead(Ljava/lang/Object;J)V name or signature does not match> (0x00000007aab131f8) thrown at [/Users/java_re/workspace/8-2-build-macosx-x86_64/jdk8u60/4407/hotspot/src/share/vm/prim
Event: 5.916 Thread 0x00007f9cac00a800 Implicit null exception at 0x00000001098ba6f2 to 0x00000001098bc9c1
Event: 5.920 Thread 0x00007f9cad85a800 Implicit null exception at 0x00000001098ba6f2 to 0x00000001098bc9c1

Events (10 events):
Event: 8.730 Thread 0x00007f9cac84f800 DEOPT UNPACKING pc=0x0000000109605229 sp=0x0000700001148df8 mode 2
Event: 8.731 loading class com/android/dx/rop/cst/Zeroes
Event: 8.731 loading class com/android/dx/rop/cst/Zeroes done
Event: 9.031 Thread 0x00007f9cac84f800 Uncommon trap: trap_request=0xffffff65 fr.pc=0x00000001099e7320
Event: 9.031 Thread 0x00007f9cac84f800 DEOPT PACKING pc=0x00000001099e7320 sp=0x0000700001149120
Event: 9.031 Thread 0x00007f9cac84f800 DEOPT UNPACKING pc=0x0000000109605229 sp=0x00007000011490e0 mode 2
Event: 9.044 Thread 0x00007f9cac84f800 DEOPT PACKING pc=0x0000000109c2eac0 sp=0x00007000011492a0
Event: 9.044 Thread 0x00007f9cac84f800 DEOPT UNPACKING pc=0x0000000109647633 sp=0x0000700001149050 mode 0
Event: 9.047 loading class com/android/dx/dex/file/CatchStructs
Event: 9.047 loading class com/android/dx/dex/file/CatchStructs done


Dynamic libraries:
0x0000000002c47000 	/System/Library/Frameworks/Cocoa.framework/Versions/A/Cocoa
0x0000000002c47000 	/System/Library/Frameworks/Security.framework/Versions/A/Security
0x0000000002c47000 	/System/Library/Frameworks/ApplicationServices.framework/Versions/A/ApplicationServices
0x0000000002c47000 	/usr/lib/libz.1.dylib
0x0000000002c47000 	/usr/lib/libSystem.B.dylib
0x0000000002c47000 	/usr/lib/libobjc.A.dylib
0x0000000002c47000 	/System/Library/Frameworks/CoreFoundation.framework/Versions/A/CoreFoundation
0x0000000002c47000 	/System/Library/Frameworks/Foundation.framework/Versions/C/Foundation
0x0000000002c47000 	/System/Library/Frameworks/AppKit.framework/Versions/C/AppKit
0x0000000002c47000 	/System/Library/Frameworks/CoreData.framework/Versions/A/CoreData
0x0000000002c47000 	/System/Library/PrivateFrameworks/RemoteViewServices.framework/Versions/A/RemoteViewServices
0x0000000002c47000 	/System/Library/PrivateFrameworks/UIFoundation.framework/Versions/A/UIFoundation
0x0000000002c47000 	/usr/lib/libScreenReader.dylib
0x0000000002c47000 	/System/Library/Frameworks/Accelerate.framework/Versions/A/Accelerate
0x0000000002c47000 	/System/Library/Frameworks/IOSurface.framework/Versions/A/IOSurface
0x0000000002c47000 	/System/Library/Frameworks/AudioToolbox.framework/Versions/A/AudioToolbox
0x0000000002c47000 	/System/Library/Frameworks/AudioUnit.framework/Versions/A/AudioUnit
0x0000000002c47000 	/System/Library/PrivateFrameworks/DataDetectorsCore.framework/Versions/A/DataDetectorsCore
0x0000000002c47000 	/System/Library/PrivateFrameworks/DesktopServicesPriv.framework/Versions/A/DesktopServicesPriv
0x0000000002c47000 	/System/Library/Frameworks/Carbon.framework/Versions/A/Frameworks/HIToolbox.framework/Versions/A/HIToolbox
0x0000000002c47000 	/System/Library/Frameworks/QuartzCore.framework/Versions/A/QuartzCore
0x0000000002c47000 	/System/Library/Frameworks/Carbon.framework/Versions/A/Frameworks/SpeechRecognition.framework/Versions/A/SpeechRecognition
0x0000000002c47000 	/usr/lib/libauto.dylib
0x0000000002c47000 	/usr/lib/libicucore.A.dylib
0x0000000002c47000 	/usr/lib/libxml2.2.dylib
0x0000000002c47000 	/System/Library/PrivateFrameworks/CoreUI.framework/Versions/A/CoreUI
0x0000000002c47000 	/System/Library/Frameworks/CoreAudio.framework/Versions/A/CoreAudio
0x0000000002c47000 	/System/Library/Frameworks/DiskArbitration.framework/Versions/A/DiskArbitration
0x0000000002c47000 	/usr/lib/liblangid.dylib
0x0000000002c47000 	/System/Library/PrivateFrameworks/MultitouchSupport.framework/Versions/A/MultitouchSupport
0x0000000002c47000 	/System/Library/Frameworks/IOKit.framework/Versions/A/IOKit
0x0000000002c47000 	/usr/lib/libDiagnosticMessagesClient.dylib
0x0000000002c47000 	/System/Library/Frameworks/CoreServices.framework/Versions/A/CoreServices
0x0000000002c47000 	/System/Library/PrivateFrameworks/PerformanceAnalysis.framework/Versions/A/PerformanceAnalysis
0x0000000002c47000 	/System/Library/PrivateFrameworks/GenerationalStorage.framework/Versions/A/GenerationalStorage
0x0000000002c47000 	/System/Library/Frameworks/OpenGL.framework/Versions/A/OpenGL
0x0000000002c47000 	/System/Library/PrivateFrameworks/Sharing.framework/Versions/A/Sharing
0x0000000002c47000 	/System/Library/Frameworks/CoreGraphics.framework/Versions/A/CoreGraphics
0x0000000002c47000 	/System/Library/Frameworks/CoreImage.framework/Versions/A/CoreImage
0x0000000002c47000 	/System/Library/Frameworks/CoreText.framework/Versions/A/CoreText
0x0000000002c47000 	/System/Library/Frameworks/ImageIO.framework/Versions/A/ImageIO
0x0000000002c47000 	/System/Library/PrivateFrameworks/Backup.framework/Versions/A/Backup
0x0000000002c47000 	/usr/lib/libextension.dylib
0x0000000002c47000 	/usr/lib/libarchive.2.dylib
0x0000000002c47000 	/System/Library/Frameworks/CFNetwork.framework/Versions/A/CFNetwork
0x0000000002c47000 	/System/Library/Frameworks/SystemConfiguration.framework/Versions/A/SystemConfiguration
0x0000000002c47000 	/usr/lib/libCRFSuite.dylib
0x0000000002c47000 	/usr/lib/libc++.1.dylib
0x0000000002c47000 	/usr/lib/libc++abi.dylib
0x0000000002c47000 	/usr/lib/system/libcache.dylib
0x0000000002c47000 	/usr/lib/system/libcommonCrypto.dylib
0x0000000002c47000 	/usr/lib/system/libcompiler_rt.dylib
0x0000000002c47000 	/usr/lib/system/libcopyfile.dylib
0x0000000002c47000 	/usr/lib/system/libcorecrypto.dylib
0x0000000002c47000 	/usr/lib/system/libdispatch.dylib
0x0000000002c47000 	/usr/lib/system/libdyld.dylib
0x0000000002c47000 	/usr/lib/system/libkeymgr.dylib
0x0000000002c47000 	/usr/lib/system/liblaunch.dylib
0x0000000002c47000 	/usr/lib/system/libmacho.dylib
0x0000000002c47000 	/usr/lib/system/libquarantine.dylib
0x0000000002c47000 	/usr/lib/system/libremovefile.dylib
0x0000000002c47000 	/usr/lib/system/libsystem_asl.dylib
0x0000000002c47000 	/usr/lib/system/libsystem_blocks.dylib
0x0000000002c47000 	/usr/lib/system/libsystem_c.dylib
0x0000000002c47000 	/usr/lib/system/libsystem_configuration.dylib
0x0000000002c47000 	/usr/lib/system/libsystem_coreservices.dylib
0x0000000002c47000 	/usr/lib/system/libsystem_coretls.dylib
0x0000000002c47000 	/usr/lib/system/libsystem_dnssd.dylib
0x0000000002c47000 	/usr/lib/system/libsystem_info.dylib
0x0000000002c47000 	/usr/lib/system/libsystem_kernel.dylib
0x0000000002c47000 	/usr/lib/system/libsystem_m.dylib
0x0000000002c47000 	/usr/lib/system/libsystem_malloc.dylib
0x0000000002c47000 	/usr/lib/system/libsystem_network.dylib
0x0000000002c47000 	/usr/lib/system/libsystem_networkextension.dylib
0x0000000002c47000 	/usr/lib/system/libsystem_notify.dylib
0x0000000002c47000 	/usr/lib/system/libsystem_platform.dylib
0x0000000002c47000 	/usr/lib/system/libsystem_pthread.dylib
0x0000000002c47000 	/usr/lib/system/libsystem_sandbox.dylib
0x0000000002c47000 	/usr/lib/system/libsystem_secinit.dylib
0x0000000002c47000 	/usr/lib/system/libsystem_trace.dylib
0x0000000002c47000 	/usr/lib/system/libunc.dylib
0x0000000002c47000 	/usr/lib/system/libunwind.dylib
0x0000000002c47000 	/usr/lib/system/libxpc.dylib
0x0000000002c47000 	/usr/lib/libenergytrace.dylib
0x0000000002c47000 	/usr/lib/libbsm.0.dylib
0x0000000002c47000 	/usr/lib/system/libkxld.dylib
0x0000000002c47000 	/usr/lib/libxar.1.dylib
0x0000000002c47000 	/usr/lib/libsqlite3.dylib
0x0000000002c47000 	/usr/lib/libpam.2.dylib
0x0000000002c47000 	/usr/lib/libOpenScriptingUtil.dylib
0x0000000002c47000 	/usr/lib/libbz2.1.0.dylib
0x0000000002c47000 	/usr/lib/liblzma.5.dylib
0x0000000002c47000 	/System/Library/Frameworks/CoreServices.framework/Versions/A/Frameworks/FSEvents.framework/Versions/A/FSEvents
0x0000000002c47000 	/System/Library/Frameworks/CoreServices.framework/Versions/A/Frameworks/CarbonCore.framework/Versions/A/CarbonCore
0x0000000002c47000 	/System/Library/Frameworks/CoreServices.framework/Versions/A/Frameworks/Metadata.framework/Versions/A/Metadata
0x0000000002c47000 	/System/Library/Frameworks/CoreServices.framework/Versions/A/Frameworks/OSServices.framework/Versions/A/OSServices
0x0000000002c47000 	/System/Library/Frameworks/CoreServices.framework/Versions/A/Frameworks/SearchKit.framework/Versions/A/SearchKit
0x0000000002c47000 	/System/Library/Frameworks/CoreServices.framework/Versions/A/Frameworks/AE.framework/Versions/A/AE
0x0000000002c47000 	/System/Library/Frameworks/CoreServices.framework/Versions/A/Frameworks/LaunchServices.framework/Versions/A/LaunchServices
0x0000000002c47000 	/System/Library/Frameworks/CoreServices.framework/Versions/A/Frameworks/DictionaryServices.framework/Versions/A/DictionaryServices
0x0000000002c47000 	/System/Library/Frameworks/CoreServices.framework/Versions/A/Frameworks/SharedFileList.framework/Versions/A/SharedFileList
0x0000000002c47000 	/System/Library/Frameworks/NetFS.framework/Versions/A/NetFS
0x0000000002c47000 	/System/Library/PrivateFrameworks/NetAuth.framework/Versions/A/NetAuth
0x0000000002c47000 	/System/Library/PrivateFrameworks/login.framework/Versions/A/Frameworks/loginsupport.framework/Versions/A/loginsupport
0x0000000002c47000 	/System/Library/PrivateFrameworks/TCC.framework/Versions/A/TCC
0x0000000002c47000 	/usr/lib/libmecabra.dylib
0x0000000002c47000 	/System/Library/Frameworks/ApplicationServices.framework/Versions/A/Frameworks/ATS.framework/Versions/A/ATS
0x0000000002c47000 	/System/Library/Frameworks/ApplicationServices.framework/Versions/A/Frameworks/ColorSync.framework/Versions/A/ColorSync
0x0000000002c47000 	/System/Library/Frameworks/ApplicationServices.framework/Versions/A/Frameworks/HIServices.framework/Versions/A/HIServices
0x0000000002c47000 	/System/Library/Frameworks/ApplicationServices.framework/Versions/A/Frameworks/LangAnalysis.framework/Versions/A/LangAnalysis
0x0000000002c47000 	/System/Library/Frameworks/ApplicationServices.framework/Versions/A/Frameworks/PrintCore.framework/Versions/A/PrintCore
0x0000000002c47000 	/System/Library/Frameworks/ApplicationServices.framework/Versions/A/Frameworks/QD.framework/Versions/A/QD
0x0000000002c47000 	/System/Library/Frameworks/ApplicationServices.framework/Versions/A/Frameworks/SpeechSynthesis.framework/Versions/A/SpeechSynthesis
0x0000000002c47000 	/System/Library/Frameworks/Metal.framework/Versions/A/Metal
0x0000000002c47000 	/System/Library/Frameworks/Accelerate.framework/Versions/A/Frameworks/vImage.framework/Versions/A/vImage
0x0000000002c47000 	/System/Library/Frameworks/Accelerate.framework/Versions/A/Frameworks/vecLib.framework/Versions/A/vecLib
0x0000000002c47000 	/System/Library/Frameworks/Accelerate.framework/Versions/A/Frameworks/vecLib.framework/Versions/A/libvDSP.dylib
0x0000000002c47000 	/System/Library/Frameworks/Accelerate.framework/Versions/A/Frameworks/vecLib.framework/Versions/A/libvMisc.dylib
0x0000000002c47000 	/System/Library/Frameworks/Accelerate.framework/Versions/A/Frameworks/vecLib.framework/Versions/A/libLAPACK.dylib
0x0000000002c47000 	/System/Library/Frameworks/Accelerate.framework/Versions/A/Frameworks/vecLib.framework/Versions/A/libBLAS.dylib
0x0000000002c47000 	/System/Library/Frameworks/Accelerate.framework/Versions/A/Frameworks/vecLib.framework/Versions/A/libLinearAlgebra.dylib
0x0000000002c47000 	/System/Library/Frameworks/Accelerate.framework/Versions/A/Frameworks/vecLib.framework/Versions/A/libSparseBLAS.dylib
0x0000000002c47000 	/System/Library/PrivateFrameworks/GPUCompiler.framework/libmetal_timestamp.dylib
0x0000000002c47000 	/System/Library/Frameworks/OpenGL.framework/Versions/A/Libraries/libCoreFSCache.dylib
0x0000000002c47000 	/System/Library/PrivateFrameworks/IOAccelerator.framework/Versions/A/IOAccelerator
0x0000000002c47000 	/System/Library/Frameworks/ApplicationServices.framework/Versions/A/Frameworks/ATS.framework/Versions/A/Resources/libFontParser.dylib
0x0000000002c47000 	/System/Library/Frameworks/ApplicationServices.framework/Versions/A/Frameworks/ATS.framework/Versions/A/Resources/libFontRegistry.dylib
0x0000000002c47000 	/System/Library/PrivateFrameworks/AppleVPA.framework/Versions/A/AppleVPA
0x0000000002c47000 	/System/Library/PrivateFrameworks/AppleJPEG.framework/Versions/A/AppleJPEG
0x0000000002c47000 	/System/Library/Frameworks/ImageIO.framework/Versions/A/Resources/libJPEG.dylib
0x0000000002c47000 	/System/Library/Frameworks/ImageIO.framework/Versions/A/Resources/libTIFF.dylib
0x0000000002c47000 	/System/Library/Frameworks/ImageIO.framework/Versions/A/Resources/libPng.dylib
0x0000000002c47000 	/System/Library/Frameworks/ImageIO.framework/Versions/A/Resources/libGIF.dylib
0x0000000002c47000 	/System/Library/Frameworks/ImageIO.framework/Versions/A/Resources/libJP2.dylib
0x0000000002c47000 	/System/Library/Frameworks/ImageIO.framework/Versions/A/Resources/libRadiance.dylib
0x0000000002c47000 	/System/Library/Frameworks/CoreVideo.framework/Versions/A/CoreVideo
0x0000000002c47000 	/System/Library/Frameworks/OpenGL.framework/Versions/A/Libraries/libGLU.dylib
0x0000000002c47000 	/System/Library/Frameworks/OpenGL.framework/Versions/A/Libraries/libGFXShared.dylib
0x0000000002c47000 	/System/Library/Frameworks/OpenGL.framework/Versions/A/Libraries/libGL.dylib
0x0000000002c47000 	/System/Library/Frameworks/OpenGL.framework/Versions/A/Libraries/libGLImage.dylib
0x0000000002c47000 	/System/Library/Frameworks/OpenGL.framework/Versions/A/Libraries/libCVMSPluginSupport.dylib
0x0000000002c47000 	/System/Library/Frameworks/OpenGL.framework/Versions/A/Libraries/libCoreVMClient.dylib
0x0000000002c47000 	/usr/lib/libcups.2.dylib
0x0000000002c47000 	/System/Library/Frameworks/Kerberos.framework/Versions/A/Kerberos
0x0000000002c47000 	/System/Library/Frameworks/GSS.framework/Versions/A/GSS
0x0000000002c47000 	/usr/lib/libresolv.9.dylib
0x0000000002c47000 	/usr/lib/libiconv.2.dylib
0x0000000002c47000 	/System/Library/PrivateFrameworks/Heimdal.framework/Versions/A/Heimdal
0x0000000002c47000 	/usr/lib/libheimdal-asn1.dylib
0x0000000002c47000 	/System/Library/Frameworks/OpenDirectory.framework/Versions/A/OpenDirectory
0x0000000002c47000 	/System/Library/PrivateFrameworks/CommonAuth.framework/Versions/A/CommonAuth
0x0000000002c47000 	/System/Library/Frameworks/OpenDirectory.framework/Versions/A/Frameworks/CFOpenDirectory.framework/Versions/A/CFOpenDirectory
0x0000000002c47000 	/System/Library/Frameworks/SecurityFoundation.framework/Versions/A/SecurityFoundation
0x0000000002c47000 	/System/Library/PrivateFrameworks/LanguageModeling.framework/Versions/A/LanguageModeling
0x0000000002c47000 	/usr/lib/libmarisa.dylib
0x0000000002c47000 	/usr/lib/libChineseTokenizer.dylib
0x0000000002c47000 	/usr/lib/libcmph.dylib
0x0000000002c47000 	/usr/lib/libcompression.dylib
0x0000000002c47000 	/System/Library/Frameworks/ServiceManagement.framework/Versions/A/ServiceManagement
0x0000000002c47000 	/usr/lib/libxslt.1.dylib
0x0000000002c47000 	/System/Library/Frameworks/Carbon.framework/Versions/A/Frameworks/Ink.framework/Versions/A/Ink
0x0000000002c47000 	/usr/lib/libFosl_dynamic.dylib
0x0000000002c47000 	/System/Library/PrivateFrameworks/FaceCore.framework/Versions/A/FaceCore
0x0000000002c47000 	/System/Library/Frameworks/OpenCL.framework/Versions/A/OpenCL
0x0000000002c47000 	/System/Library/PrivateFrameworks/CrashReporterSupport.framework/Versions/A/CrashReporterSupport
0x0000000002c47000 	/System/Library/PrivateFrameworks/IconServices.framework/Versions/A/IconServices
0x0000000002c47000 	/System/Library/PrivateFrameworks/Apple80211.framework/Versions/A/Apple80211
0x0000000002c47000 	/System/Library/Frameworks/CoreWLAN.framework/Versions/A/CoreWLAN
0x0000000002c47000 	/System/Library/Frameworks/IOBluetooth.framework/Versions/A/IOBluetooth
0x0000000002c47000 	/System/Library/PrivateFrameworks/CoreWiFi.framework/Versions/A/CoreWiFi
0x0000000002c47000 	/System/Library/Frameworks/CoreBluetooth.framework/Versions/A/CoreBluetooth
0x0000000002c47000 	/System/Library/PrivateFrameworks/ChunkingLibrary.framework/Versions/A/ChunkingLibrary
0x0000000002c47000 	/System/Library/PrivateFrameworks/DebugSymbols.framework/Versions/A/DebugSymbols
0x0000000002c47000 	/System/Library/PrivateFrameworks/CoreSymbolication.framework/Versions/A/CoreSymbolication
0x0000000002c47000 	/System/Library/PrivateFrameworks/Symbolication.framework/Versions/A/Symbolication
0x0000000002c47000 	/System/Library/PrivateFrameworks/SpeechRecognitionCore.framework/Versions/A/SpeechRecognitionCore
0x0000000107d9f000 	/Library/Java/JavaVirtualMachines/jdk1.8.0_60.jdk/Contents/Home/jre/lib/server/libjvm.dylib
0x0000000002c47000 	/usr/lib/libstdc++.6.dylib
0x0000000108d2c000 	/Library/Java/JavaVirtualMachines/jdk1.8.0_60.jdk/Contents/Home/jre/lib/libverify.dylib
0x0000000108d3a000 	/Library/Java/JavaVirtualMachines/jdk1.8.0_60.jdk/Contents/Home/jre/lib/libjava.dylib
0x0000000108d79000 	/Library/Java/JavaVirtualMachines/jdk1.8.0_60.jdk/Contents/Home/jre/lib/libzip.dylib
0x000000011c97d000 	/System/Library/Frameworks/JavaVM.framework/Frameworks/JavaRuntimeSupport.framework/JavaRuntimeSupport
0x000000011c998000 	/System/Library/Frameworks/JavaVM.framework/Versions/A/Frameworks/JavaNativeFoundation.framework/Versions/A/JavaNativeFoundation
0x000000011c9ad000 	/System/Library/Frameworks/JavaVM.framework/Versions/A/JavaVM
0x0000000002c47000 	/System/Library/Frameworks/Carbon.framework/Versions/A/Carbon
0x000000011c9ba000 	/System/Library/PrivateFrameworks/JavaLaunching.framework/Versions/A/JavaLaunching
0x0000000002c47000 	/System/Library/Frameworks/Carbon.framework/Versions/A/Frameworks/CommonPanels.framework/Versions/A/CommonPanels
0x0000000002c47000 	/System/Library/Frameworks/Carbon.framework/Versions/A/Frameworks/Help.framework/Versions/A/Help
0x0000000002c47000 	/System/Library/Frameworks/Carbon.framework/Versions/A/Frameworks/ImageCapture.framework/Versions/A/ImageCapture
0x0000000002c47000 	/System/Library/Frameworks/Carbon.framework/Versions/A/Frameworks/OpenScripting.framework/Versions/A/OpenScripting
0x0000000002c47000 	/System/Library/Frameworks/Carbon.framework/Versions/A/Frameworks/Print.framework/Versions/A/Print
0x0000000002c47000 	/System/Library/Frameworks/Carbon.framework/Versions/A/Frameworks/SecurityHI.framework/Versions/A/SecurityHI

VM Arguments:
jvm_args: -Djava.awt.headless=true -Xmx1024M -Dfile.encoding=UTF-8 -Duser.country=US -Duser.language=en -Duser.variant 
java_command: com.android.dx.command.Main --dex --force-jumbo --num-threads=4 --multi-dex --output /Users/fi8er1/AndroidStudioProjects/bus-service/app/build/intermediates/transforms/dex/debug/folders/1000/10/com.google.android.gms-play-services-games-8.3.0_9edae4916532fce91cf4d0d63fcf9dd0da9265d6 /Users/fi8er1/AndroidStudioProjects/bus-service/app/build/intermediates/exploded-aar/com.google.android.gms/play-services-games/8.3.0/jars/classes.jar
java_class_path (initial): /Users/fi8er1/Library/Android/sdk/build-tools/23.0.1/lib/dx.jar
Launcher Type: SUN_STANDARD

Environment Variables:
PATH=/usr/bin:/bin:/usr/sbin:/sbin
SHELL=/bin/bash
DISPLAY=/private/tmp/com.apple.launchd.frv7Vazqo6/org.macosforge.xquartz:0

Signal Handlers:
SIGSEGV: [libjvm.dylib+0x5a6d31], sa_mask[0]=11111111011111110111111111111111, sa_flags=SA_ONSTACK|SA_RESTART|SA_SIGINFO
SIGBUS: [libjvm.dylib+0x5a6d31], sa_mask[0]=11111111011111110111111111111111, sa_flags=SA_RESTART|SA_SIGINFO
SIGFPE: [libjvm.dylib+0x480a4c], sa_mask[0]=11111111011111110111111111111111, sa_flags=SA_RESTART|SA_SIGINFO
SIGPIPE: [libjvm.dylib+0x480a4c], sa_mask[0]=11111111011111110111111111111111, sa_flags=SA_RESTART|SA_SIGINFO
SIGXFSZ: [libjvm.dylib+0x480a4c], sa_mask[0]=11111111011111110111111111111111, sa_flags=SA_RESTART|SA_SIGINFO
SIGILL: [libjvm.dylib+0x480a4c], sa_mask[0]=11111111011111110111111111111111, sa_flags=SA_RESTART|SA_SIGINFO
SIGUSR1: SIG_DFL, sa_mask[0]=00000000000000000000000000000000, sa_flags=none
SIGUSR2: [libjvm.dylib+0x48056a], sa_mask[0]=00100000000000000000000000000000, sa_flags=SA_RESTART|SA_SIGINFO
SIGHUP: [libjvm.dylib+0x47eb41], sa_mask[0]=11111111011111110111111111111111, sa_flags=SA_RESTART|SA_SIGINFO
SIGINT: [libjvm.dylib+0x47eb41], sa_mask[0]=11111111011111110111111111111111, sa_flags=SA_RESTART|SA_SIGINFO
SIGTERM: [libjvm.dylib+0x47eb41], sa_mask[0]=11111111011111110111111111111111, sa_flags=SA_RESTART|SA_SIGINFO
SIGQUIT: [libjvm.dylib+0x47eb41], sa_mask[0]=11111111011111110111111111111111, sa_flags=SA_RESTART|SA_SIGINFO


---------------  S Y S T E M  ---------------

OS:Bsduname:Darwin 15.4.0 Darwin Kernel Version 15.4.0: Fri Feb 26 22:08:05 PST 2016; root:xnu-3248.40.184~3/RELEASE_X86_64 x86_64
rlimit: STACK 8192k, CORE 0k, NPROC 709, NOFILE 10240, AS infinity
load average:18.70 17.93 9.41

CPU:total 4 (2 cores per cpu, 2 threads per core) family 6 model 69 stepping 1, cmov, cx8, fxsr, mmx, sse, sse2, sse3, ssse3, sse4.1, sse4.2, popcnt, avx, avx2, aes, clmul, erms, lzcnt, ht, tsc, tscinvbit, bmi1, bmi2

Memory: 4k page, physical 4194304k(19676k free)

/proc/meminfo:


vm_info: Java HotSpot(TM) 64-Bit Server VM (25.60-b23) for bsd-amd64 JRE (1.8.0_60-b27), built on Aug  4 2015 10:47:24 by "java_re" with gcc 4.2.1 (Based on Apple Inc. build 5658) (LLVM build 2336.11.00)

time: Tue Apr 19 17:20:02 2016
elapsed time: 9 seconds (0d 0h 0m 9s)

